2016-12-16 22:25:51.573 [main] INFO  com.springboot.train.Application - Starting Application on DESKTOP-IHF2DH5 with PID 2776 (F:\git\train\target\classes started by willie in F:\git\train)
2016-12-16 22:25:51.576 [main] INFO  com.springboot.train.Application - No profiles are active
2016-12-16 22:25:51.716 [main] INFO  o.s.b.c.e.AnnotationConfigEmbeddedWebApplicationContext - Refreshing org.springframework.boot.context.embedded.AnnotationConfigEmbeddedWebApplicationContext@62cf484e: startup date [Fri Dec 16 22:25:51 CST 2016]; root of context hierarchy
2016-12-16 22:25:51.927 [pool-1-thread-1] INFO  org.hibernate.validator.internal.util.Version - HV000001: Hibernate Validator 5.2.2.Final
2016-12-16 22:25:54.212 [main] INFO  o.s.b.c.e.tomcat.TomcatEmbeddedServletContainer - Tomcat initialized with port(s): 8090 (http)
2016-12-16 22:25:54.228 [main] INFO  org.apache.catalina.core.StandardService - Starting service Tomcat
2016-12-16 22:25:54.230 [main] INFO  org.apache.catalina.core.StandardEngine - Starting Servlet Engine: Apache Tomcat/8.0.28
2016-12-16 22:25:54.452 [localhost-startStop-1] INFO  o.a.c.core.ContainerBase.[Tomcat].[localhost].[/] - Initializing Spring embedded WebApplicationContext
2016-12-16 22:25:54.453 [localhost-startStop-1] INFO  org.springframework.web.context.ContextLoader - Root WebApplicationContext: initialization completed in 2737 ms
2016-12-16 22:25:54.858 [localhost-startStop-1] WARN  com.netflix.config.sources.URLConfigurationSource - No URLs will be polled as dynamic configuration sources.
2016-12-16 22:25:54.858 [localhost-startStop-1] INFO  com.netflix.config.sources.URLConfigurationSource - To enable URLs as dynamic configuration sources, define System property archaius.configurationSource.additionalUrls or make config.properties available on classpath.
2016-12-16 22:25:54.866 [localhost-startStop-1] INFO  com.netflix.config.DynamicPropertyFactory - DynamicPropertyFactory is initialized with configuration sources: com.netflix.config.ConcurrentCompositeConfiguration@6478e067
2016-12-16 22:25:55.043 [localhost-startStop-1] INFO  o.s.boot.context.embedded.ServletRegistrationBean - Mapping servlet: 'dispatcherServlet' to [/]
2016-12-16 22:25:55.045 [localhost-startStop-1] INFO  o.s.boot.context.embedded.ServletRegistrationBean - Mapping servlet: 'zuulServlet' to [/zuul/*]
2016-12-16 22:25:55.050 [localhost-startStop-1] INFO  o.s.boot.context.embedded.FilterRegistrationBean - Mapping filter: 'metricFilter' to: [/*]
2016-12-16 22:25:55.051 [localhost-startStop-1] INFO  o.s.boot.context.embedded.FilterRegistrationBean - Mapping filter: 'characterEncodingFilter' to: [/*]
2016-12-16 22:25:55.051 [localhost-startStop-1] INFO  o.s.boot.context.embedded.FilterRegistrationBean - Mapping filter: 'webRequestLoggingFilter' to: [/*]
2016-12-16 22:25:55.051 [localhost-startStop-1] INFO  o.s.boot.context.embedded.FilterRegistrationBean - Mapping filter: 'applicationContextIdFilter' to: [/*]
2016-12-16 22:25:55.091 [localhost-startStop-1] INFO  o.s.cloud.netflix.zuul.ZuulFilterInitializer - Starting filter initializer context listener
2016-12-16 22:25:55.364 [main] INFO  o.s.w.s.m.m.a.RequestMappingHandlerAdapter - Looking for @ControllerAdvice: org.springframework.boot.context.embedded.AnnotationConfigEmbeddedWebApplicationContext@62cf484e: startup date [Fri Dec 16 22:25:51 CST 2016]; root of context hierarchy
2016-12-16 22:25:55.539 [main] INFO  o.s.web.servlet.handler.SimpleUrlHandlerMapping - Root mapping to handler of type [class org.springframework.web.servlet.mvc.ParameterizableViewController]
2016-12-16 22:25:55.564 [main] INFO  o.s.web.servlet.handler.SimpleUrlHandlerMapping - Mapped URL path [/**] onto handler of type [class org.springframework.web.servlet.resource.ResourceHttpRequestHandler]
2016-12-16 22:25:55.564 [main] INFO  o.s.web.servlet.handler.SimpleUrlHandlerMapping - Mapped URL path [/static/**] onto handler of type [class org.springframework.web.servlet.resource.ResourceHttpRequestHandler]
2016-12-16 22:25:55.617 [main] INFO  o.s.w.s.m.m.a.RequestMappingHandlerMapping - Mapped "{[/index]}" onto public java.lang.String com.springboot.train.controller.TrainController.index(org.springframework.ui.Model)
2016-12-16 22:25:55.619 [main] INFO  o.s.w.s.m.m.a.RequestMappingHandlerMapping - Mapped "{[/index/login]}" onto public java.lang.String com.springboot.train.controller.TrainController.login(javax.servlet.http.HttpServletRequest) throws java.io.IOException
2016-12-16 22:25:55.619 [main] INFO  o.s.w.s.m.m.a.RequestMappingHandlerMapping - Mapped "{[/index/queryOrderWaitTime]}" onto public java.lang.String com.springboot.train.controller.TrainController.queryOrderWaitTime(javax.servlet.http.HttpServletRequest,java.lang.String) throws java.io.IOException
2016-12-16 22:25:55.620 [main] INFO  o.s.w.s.m.m.a.RequestMappingHandlerMapping - Mapped "{[/index/loginAysnSuggest]}" onto public net.sf.json.JSONObject com.springboot.train.controller.TrainController.loginAysnSuggest(javax.servlet.http.HttpServletRequest,javax.servlet.http.HttpServletResponse,java.lang.String,java.lang.String,java.lang.String) throws java.io.IOException
2016-12-16 22:25:55.620 [main] INFO  o.s.w.s.m.m.a.RequestMappingHandlerMapping - Mapped "{[/index/queryMyOrderNoComplete]}" onto public java.lang.String com.springboot.train.controller.TrainController.queryMyOrderNoComplete(javax.servlet.http.HttpServletRequest) throws java.io.IOException
2016-12-16 22:25:55.621 [main] INFO  o.s.w.s.m.m.a.RequestMappingHandlerMapping - Mapped "{[/index/cancelNoCompleteMyOrder]}" onto public java.lang.String com.springboot.train.controller.TrainController.cancelNoCompleteMyOrder(javax.servlet.http.HttpServletRequest) throws java.io.IOException
2016-12-16 22:25:55.621 [main] INFO  o.s.w.s.m.m.a.RequestMappingHandlerMapping - Mapped "{[/index/submitOrderRequest]}" onto public java.lang.String com.springboot.train.controller.TrainController.submitOrderRequest(javax.servlet.http.HttpServletRequest,java.lang.String,java.lang.String,java.lang.String,java.lang.String) throws java.io.IOException
2016-12-16 22:25:55.621 [main] INFO  o.s.w.s.m.m.a.RequestMappingHandlerMapping - Mapped "{[/index/getPassCodeNew]}" onto public void com.springboot.train.controller.TrainController.getPassCodeNew(javax.servlet.http.HttpServletRequest,javax.servlet.http.HttpServletResponse,java.lang.String) throws java.io.IOException
2016-12-16 22:25:55.622 [main] INFO  o.s.w.s.m.m.a.RequestMappingHandlerMapping - Mapped "{[/index/queryByTrainNo]}" onto public net.sf.json.JSONObject com.springboot.train.controller.TrainController.queryByTrainNo(javax.servlet.http.HttpServletRequest,java.lang.String,java.lang.String,java.lang.String,java.lang.String) throws java.io.IOException
2016-12-16 22:25:55.623 [main] INFO  o.s.w.s.m.m.a.RequestMappingHandlerMapping - Mapped "{[/index/checkOrderInfo]}" onto public java.lang.String com.springboot.train.controller.TrainController.checkOrderInfo(javax.servlet.http.HttpServletRequest,java.lang.String,java.lang.String,java.lang.String,java.lang.String,java.lang.String,java.lang.String,java.lang.String,java.lang.String,java.lang.String,java.lang.String,java.lang.String,java.lang.String,java.lang.String) throws java.io.IOException
2016-12-16 22:25:55.623 [main] INFO  o.s.w.s.m.m.a.RequestMappingHandlerMapping - Mapped "{[/index/checkRandCodeAnsyn]}" onto public net.sf.json.JSONObject com.springboot.train.controller.TrainController.checkRandCodeAnsyn(javax.servlet.http.HttpServletRequest,java.lang.String,java.lang.String) throws java.io.IOException
2016-12-16 22:25:55.623 [main] INFO  o.s.w.s.m.m.a.RequestMappingHandlerMapping - Mapped "{[/index/loginOut]}" onto public java.lang.String com.springboot.train.controller.TrainController.loginOut(javax.servlet.http.HttpServletRequest) throws java.io.IOException
2016-12-16 22:25:55.623 [main] INFO  o.s.w.s.m.m.a.RequestMappingHandlerMapping - Mapped "{[/index/img]}" onto public java.lang.String com.springboot.train.controller.TrainController.img(org.springframework.ui.Model,java.lang.String) throws java.io.IOException
2016-12-16 22:25:55.624 [main] INFO  o.s.w.s.m.m.a.RequestMappingHandlerMapping - Mapped "{[/index/passengers]}" onto public java.lang.String com.springboot.train.controller.TrainController.passengers(javax.servlet.http.HttpServletRequest,org.springframework.ui.Model) throws java.io.IOException
2016-12-16 22:25:55.624 [main] INFO  o.s.w.s.m.m.a.RequestMappingHandlerMapping - Mapped "{[/index/query]}" onto public java.lang.String com.springboot.train.controller.TrainController.train(javax.servlet.http.HttpServletRequest,org.springframework.ui.Model,java.lang.String,java.lang.String,java.lang.String)
2016-12-16 22:25:55.624 [main] INFO  o.s.w.s.m.m.a.RequestMappingHandlerMapping - Mapped "{[/index/checkUser]}" onto public java.lang.String com.springboot.train.controller.TrainController.checkUser(javax.servlet.http.HttpServletRequest) throws java.io.IOException
2016-12-16 22:25:55.628 [main] INFO  o.s.w.s.m.m.a.RequestMappingHandlerMapping - Mapped "{[/error]}" onto public org.springframework.http.ResponseEntity<java.util.Map<java.lang.String, java.lang.Object>> org.springframework.boot.autoconfigure.web.BasicErrorController.error(javax.servlet.http.HttpServletRequest)
2016-12-16 22:25:55.629 [main] INFO  o.s.w.s.m.m.a.RequestMappingHandlerMapping - Mapped "{[/error],produces=[text/html]}" onto public org.springframework.web.servlet.ModelAndView org.springframework.boot.autoconfigure.web.BasicErrorController.errorHtml(javax.servlet.http.HttpServletRequest)
2016-12-16 22:25:55.913 [main] INFO  o.a.c.core.ContainerBase.[Tomcat].[localhost].[/] - jolokia: No access restrictor found at classpath:/jolokia-access.xml, access to all MBeans is allowed
2016-12-16 22:25:56.754 [main] INFO  o.s.b.actuate.endpoint.mvc.EndpointHandlerMapping - Mapped "{[/configprops || /configprops.json],methods=[GET],produces=[application/json]}" onto public java.lang.Object org.springframework.boot.actuate.endpoint.mvc.EndpointMvcAdapter.invoke()
2016-12-16 22:25:56.755 [main] INFO  o.s.b.actuate.endpoint.mvc.EndpointHandlerMapping - Mapped "{[/jolokia/**]}" onto public org.springframework.web.servlet.ModelAndView org.springframework.boot.actuate.endpoint.mvc.JolokiaMvcEndpoint.handle(javax.servlet.http.HttpServletRequest,javax.servlet.http.HttpServletResponse) throws java.lang.Exception
2016-12-16 22:25:56.756 [main] INFO  o.s.b.actuate.endpoint.mvc.EndpointHandlerMapping - Mapped "{[/mappings || /mappings.json],methods=[GET],produces=[application/json]}" onto public java.lang.Object org.springframework.boot.actuate.endpoint.mvc.EndpointMvcAdapter.invoke()
2016-12-16 22:25:56.757 [main] INFO  o.s.b.actuate.endpoint.mvc.EndpointHandlerMapping - Mapped "{[/env/{name:.*}],methods=[GET],produces=[application/json]}" onto public java.lang.Object org.springframework.boot.actuate.endpoint.mvc.EnvironmentMvcEndpoint.value(java.lang.String)
2016-12-16 22:25:56.757 [main] INFO  o.s.b.actuate.endpoint.mvc.EndpointHandlerMapping - Mapped "{[/env || /env.json],methods=[GET],produces=[application/json]}" onto public java.lang.Object org.springframework.boot.actuate.endpoint.mvc.EndpointMvcAdapter.invoke()
2016-12-16 22:25:56.758 [main] INFO  o.s.b.actuate.endpoint.mvc.EndpointHandlerMapping - Mapped "{[/health || /health.json],produces=[application/json]}" onto public java.lang.Object org.springframework.boot.actuate.endpoint.mvc.HealthMvcEndpoint.invoke(java.security.Principal)
2016-12-16 22:25:56.758 [main] INFO  o.s.b.actuate.endpoint.mvc.EndpointHandlerMapping - Mapped "{[/trace || /trace.json],methods=[GET],produces=[application/json]}" onto public java.lang.Object org.springframework.boot.actuate.endpoint.mvc.EndpointMvcAdapter.invoke()
2016-12-16 22:25:56.759 [main] INFO  o.s.b.actuate.endpoint.mvc.EndpointHandlerMapping - Mapped "{[/archaius || /archaius.json],methods=[GET],produces=[application/json]}" onto public java.lang.Object org.springframework.boot.actuate.endpoint.mvc.EndpointMvcAdapter.invoke()
2016-12-16 22:25:56.759 [main] INFO  o.s.b.actuate.endpoint.mvc.EndpointHandlerMapping - Mapped "{[/info || /info.json],methods=[GET],produces=[application/json]}" onto public java.lang.Object org.springframework.boot.actuate.endpoint.mvc.EndpointMvcAdapter.invoke()
2016-12-16 22:25:56.760 [main] INFO  o.s.b.actuate.endpoint.mvc.EndpointHandlerMapping - Mapped "{[/autoconfig || /autoconfig.json],methods=[GET],produces=[application/json]}" onto public java.lang.Object org.springframework.boot.actuate.endpoint.mvc.EndpointMvcAdapter.invoke()
2016-12-16 22:25:56.761 [main] INFO  o.s.b.actuate.endpoint.mvc.EndpointHandlerMapping - Mapped "{[/metrics/{name:.*}],methods=[GET],produces=[application/json]}" onto public java.lang.Object org.springframework.boot.actuate.endpoint.mvc.MetricsMvcEndpoint.value(java.lang.String)
2016-12-16 22:25:56.761 [main] INFO  o.s.b.actuate.endpoint.mvc.EndpointHandlerMapping - Mapped "{[/metrics || /metrics.json],methods=[GET],produces=[application/json]}" onto public java.lang.Object org.springframework.boot.actuate.endpoint.mvc.EndpointMvcAdapter.invoke()
2016-12-16 22:25:56.762 [main] INFO  o.s.b.actuate.endpoint.mvc.EndpointHandlerMapping - Mapped "{[/beans || /beans.json],methods=[GET],produces=[application/json]}" onto public java.lang.Object org.springframework.boot.actuate.endpoint.mvc.EndpointMvcAdapter.invoke()
2016-12-16 22:25:56.762 [main] INFO  o.s.b.actuate.endpoint.mvc.EndpointHandlerMapping - Mapped "{[/dump || /dump.json],methods=[GET],produces=[application/json]}" onto public java.lang.Object org.springframework.boot.actuate.endpoint.mvc.EndpointMvcAdapter.invoke()
2016-12-16 22:25:56.950 [main] INFO  o.s.w.servlet.view.freemarker.FreeMarkerConfigurer - ClassTemplateLoader for Spring macros added to FreeMarker configuration
2016-12-16 22:25:57.056 [main] WARN  o.s.c.netflix.archaius.ArchaiusAutoConfiguration - No spring.application.name found, defaulting to 'application'
2016-12-16 22:25:57.057 [main] WARN  com.netflix.config.sources.URLConfigurationSource - No URLs will be polled as dynamic configuration sources.
2016-12-16 22:25:57.057 [main] INFO  com.netflix.config.sources.URLConfigurationSource - To enable URLs as dynamic configuration sources, define System property archaius.configurationSource.additionalUrls or make config.properties available on classpath.
2016-12-16 22:25:57.109 [main] INFO  de.codecentric.boot.admin.web.PrefixHandlerMapping - Mapped "{[/api/applications/{id}],methods=[GET]}" onto public org.springframework.http.ResponseEntity<?> de.codecentric.boot.admin.controller.RegistryController.get(java.lang.String)
2016-12-16 22:25:57.110 [main] INFO  de.codecentric.boot.admin.web.PrefixHandlerMapping - Mapped "{[/api/applications],methods=[POST]}" onto public org.springframework.http.ResponseEntity<de.codecentric.boot.admin.model.Application> de.codecentric.boot.admin.controller.RegistryController.register(de.codecentric.boot.admin.model.Application)
2016-12-16 22:25:57.110 [main] INFO  de.codecentric.boot.admin.web.PrefixHandlerMapping - Mapped "{[/api/applications/{id}],methods=[DELETE]}" onto public org.springframework.http.ResponseEntity<?> de.codecentric.boot.admin.controller.RegistryController.unregister(java.lang.String)
2016-12-16 22:25:57.111 [main] INFO  de.codecentric.boot.admin.web.PrefixHandlerMapping - Mapped "{[/api/applications],methods=[GET]}" onto public java.util.Collection<de.codecentric.boot.admin.model.Application> de.codecentric.boot.admin.controller.RegistryController.applications(java.lang.String)
2016-12-16 22:25:57.111 [main] INFO  de.codecentric.boot.admin.web.PrefixHandlerMapping - Mapped "{[/api/journal]}" onto public java.util.Collection<de.codecentric.boot.admin.event.ClientApplicationEvent> de.codecentric.boot.admin.controller.JournalController.getJournal()
2016-12-16 22:25:57.451 [main] INFO  o.s.jmx.export.annotation.AnnotationMBeanExporter - Registering beans for JMX exposure on startup
2016-12-16 22:25:57.458 [main] INFO  o.s.b.actuate.endpoint.jmx.EndpointMBeanExporter - Registering beans for JMX exposure on startup
2016-12-16 22:25:57.462 [main] INFO  o.s.context.support.DefaultLifecycleProcessor - Starting beans in phase 0
2016-12-16 22:25:57.464 [main] INFO  o.s.b.actuate.endpoint.jmx.EndpointMBeanExporter - Located managed bean 'requestMappingEndpoint': registering with JMX server as MBean [org.springframework.boot:type=Endpoint,name=requestMappingEndpoint]
2016-12-16 22:25:57.546 [main] INFO  o.s.b.actuate.endpoint.jmx.EndpointMBeanExporter - Located managed bean 'environmentEndpoint': registering with JMX server as MBean [org.springframework.boot:type=Endpoint,name=environmentEndpoint]
2016-12-16 22:25:57.553 [main] INFO  o.s.b.actuate.endpoint.jmx.EndpointMBeanExporter - Located managed bean 'healthEndpoint': registering with JMX server as MBean [org.springframework.boot:type=Endpoint,name=healthEndpoint]
2016-12-16 22:25:57.565 [main] INFO  o.s.b.actuate.endpoint.jmx.EndpointMBeanExporter - Located managed bean 'beansEndpoint': registering with JMX server as MBean [org.springframework.boot:type=Endpoint,name=beansEndpoint]
2016-12-16 22:25:57.570 [main] INFO  o.s.b.actuate.endpoint.jmx.EndpointMBeanExporter - Located managed bean 'infoEndpoint': registering with JMX server as MBean [org.springframework.boot:type=Endpoint,name=infoEndpoint]
2016-12-16 22:25:57.579 [main] INFO  o.s.b.actuate.endpoint.jmx.EndpointMBeanExporter - Located managed bean 'metricsEndpoint': registering with JMX server as MBean [org.springframework.boot:type=Endpoint,name=metricsEndpoint]
2016-12-16 22:25:57.590 [main] INFO  o.s.b.actuate.endpoint.jmx.EndpointMBeanExporter - Located managed bean 'traceEndpoint': registering with JMX server as MBean [org.springframework.boot:type=Endpoint,name=traceEndpoint]
2016-12-16 22:25:57.595 [main] INFO  o.s.b.actuate.endpoint.jmx.EndpointMBeanExporter - Located managed bean 'dumpEndpoint': registering with JMX server as MBean [org.springframework.boot:type=Endpoint,name=dumpEndpoint]
2016-12-16 22:25:57.608 [main] INFO  o.s.b.actuate.endpoint.jmx.EndpointMBeanExporter - Located managed bean 'autoConfigurationReportEndpoint': registering with JMX server as MBean [org.springframework.boot:type=Endpoint,name=autoConfigurationReportEndpoint]
2016-12-16 22:25:57.617 [main] INFO  o.s.b.actuate.endpoint.jmx.EndpointMBeanExporter - Located managed bean 'configurationPropertiesReportEndpoint': registering with JMX server as MBean [org.springframework.boot:type=Endpoint,name=configurationPropertiesReportEndpoint]
2016-12-16 22:25:57.625 [main] INFO  o.s.b.actuate.endpoint.jmx.EndpointMBeanExporter - Located managed bean 'archaiusEndpoint': registering with JMX server as MBean [org.springframework.boot:type=Endpoint,name=archaiusEndpoint]
2016-12-16 22:25:57.773 [main] INFO  org.apache.coyote.http11.Http11NioProtocol - Initializing ProtocolHandler ["http-nio-8090"]
2016-12-16 22:25:57.782 [main] INFO  org.apache.coyote.http11.Http11NioProtocol - Starting ProtocolHandler ["http-nio-8090"]
2016-12-16 22:25:57.795 [main] INFO  org.apache.tomcat.util.net.NioSelectorPool - Using a shared selector for servlet write/read
2016-12-16 22:25:57.817 [main] INFO  o.s.b.c.e.tomcat.TomcatEmbeddedServletContainer - Tomcat started on port(s): 8090 (http)
2016-12-16 22:25:57.825 [main] INFO  com.springboot.train.Application - Started Application in 6.752 seconds (JVM running for 7.921)
2016-12-16 22:26:39.283 [http-nio-8090-exec-1] INFO  o.a.c.core.ContainerBase.[Tomcat].[localhost].[/] - Initializing Spring FrameworkServlet 'dispatcherServlet'
2016-12-16 22:26:39.284 [http-nio-8090-exec-1] INFO  org.springframework.web.servlet.DispatcherServlet - FrameworkServlet 'dispatcherServlet': initialization started
2016-12-16 22:26:39.299 [http-nio-8090-exec-1] INFO  org.springframework.web.servlet.DispatcherServlet - FrameworkServlet 'dispatcherServlet': initialization completed in 15 ms
2016-12-16 22:26:45.991 [http-nio-8090-exec-7] INFO  com.springboot.train.controller.TrainController - urlStr----https://kyfw.12306.cn/otn/passcodeNew/getPassCodeNew?module=login&rand=sjrand&0.5312717863712126
2016-12-16 22:27:02.658 [http-nio-8090-exec-8] INFO  com.springboot.train.controller.TrainController - urlStr----https://kyfw.12306.cn/otn/passcodeNew/getPassCodeNew?module=login&rand=sjrand&0.37911351575343644
2016-12-16 22:27:53.660 [http-nio-8090-exec-7] INFO  com.springboot.train.controller.TrainController - urlStr----https://kyfw.12306.cn/otn/passcodeNew/checkRandCodeAnsyn?randCode=20,9,142,138&rand=sjrand
2016-12-16 22:27:53.790 [http-nio-8090-exec-7] INFO  com.springboot.train.controller.TrainController - result----{"validateMessagesShowId":"_validatorMessage","status":true,"httpstatus":200,"data":{"result":"0","msg":"FALSE"},"messages":[],"validateMessages":{}}
2016-12-16 22:27:54.076 [http-nio-8090-exec-1] INFO  com.springboot.train.controller.TrainController - urlStr----https://kyfw.12306.cn/otn/passcodeNew/getPassCodeNew?module=login&rand=sjrand&0.47071089980033176
2016-12-16 22:28:04.001 [http-nio-8090-exec-4] INFO  com.springboot.train.controller.TrainController - urlStr----https://kyfw.12306.cn/otn/passcodeNew/checkRandCodeAnsyn?randCode=179,42&rand=sjrand
2016-12-16 22:28:04.145 [http-nio-8090-exec-4] INFO  com.springboot.train.controller.TrainController - result----{"validateMessagesShowId":"_validatorMessage","status":true,"httpstatus":200,"data":{"result":"0","msg":"FALSE"},"messages":[],"validateMessages":{}}
2016-12-16 22:28:04.193 [http-nio-8090-exec-2] INFO  com.springboot.train.controller.TrainController - urlStr----https://kyfw.12306.cn/otn/passcodeNew/getPassCodeNew?module=login&rand=sjrand&0.050930100846766746
2016-12-16 22:28:11.154 [http-nio-8090-exec-10] INFO  com.springboot.train.controller.TrainController - urlStr----https://kyfw.12306.cn/otn/passcodeNew/checkRandCodeAnsyn?randCode=273,119&rand=sjrand
2016-12-16 22:28:11.281 [http-nio-8090-exec-10] INFO  com.springboot.train.controller.TrainController - result----{"validateMessagesShowId":"_validatorMessage","status":true,"httpstatus":200,"data":{"result":"1","msg":"TRUE"},"messages":[],"validateMessages":{}}
2016-12-16 22:28:11.292 [http-nio-8090-exec-8] INFO  com.springboot.train.controller.TrainController - urlStr----https://kyfw.12306.cn/otn/login/loginAysnSuggest?loginUserDTO.user_name=yumupinglan&userDTO.password=09yuwei@ahu&randCode=273,119&rand=sjrand
2016-12-16 22:28:11.473 [http-nio-8090-exec-8] INFO  com.springboot.train.controller.TrainController - result----{"validateMessagesShowId":"_validatorMessage","status":true,"httpstatus":200,"data":{"otherMsg":"","loginCheck":"Y"},"messages":[],"validateMessages":{}}
2016-12-16 22:28:16.465 [http-nio-8090-exec-7] INFO  com.springboot.train.controller.TrainController - urlStr----https://kyfw.12306.cn/otn/confirmPassenger/getPassengerDTOs
2016-12-16 22:28:16.619 [http-nio-8090-exec-7] INFO  com.springboot.train.controller.TrainController - passengers----{"validateMessagesShowId":"_validatorMessage","status":true,"httpstatus":200,"data":{"isExist":true,"exMsg":"","two_isOpenClick":["93","95","97","99"],"other_isOpenClick":["91","93","98","99","95","97"],"normal_passengers":[{"code":"2","passenger_name":"余威威","sex_code":"M","sex_name":"男","born_date":"1989-08-16 00:00:00","country_code":"CN","passenger_id_type_code":"1","passenger_id_type_name":"二代身份证","passenger_id_no":"412725198908167872","passenger_type":"1","passenger_flag":"0","passenger_type_name":"成人","mobile_no":"15855110367","phone_no":"","email":"1174145556@qq.com","address":"","postalcode":"","first_letter":"","recordCount":"8","total_times":"99","index_id":"0"},{"code":"8","passenger_name":"陈方华","sex_code":"","born_date":"2016-10-09 00:00:00","country_code":"CN","passenger_id_type_code":"1","passenger_id_type_name":"二代身份证","passenger_id_no":"340828199205070117","passenger_type":"1","passenger_flag":"0","passenger_type_name":"成人","mobile_no":"","phone_no":"","email":"","address":"","postalcode":"","first_letter":"CFH","recordCount":"8","total_times":"99","index_id":"1"},{"code":"1","passenger_name":"付涛","sex_code":"","born_date":"2012-09-27 07:25:17","country_code":"","passenger_id_type_code":"1","passenger_id_type_name":"二代身份证","passenger_id_no":"341222199104112090","passenger_type":"1","passenger_flag":"0","passenger_type_name":"成人","mobile_no":"15155927279","phone_no":"","email":"","address":"","postalcode":"","first_letter":"FT","recordCount":"8","total_times":"99","index_id":"2"},{"code":"6","passenger_name":"李帅","sex_code":"","born_date":"2015-05-04 00:00:00","country_code":"CN","passenger_id_type_code":"1","passenger_id_type_name":"二代身份证","passenger_id_no":"341221199103243113","passenger_type":"1","passenger_flag":"0","passenger_type_name":"成人","mobile_no":"","phone_no":"","email":"","address":"","postalcode":"","first_letter":"LS","recordCount":"8","total_times":"99","index_id":"3"},{"code":"7","passenger_name":"李运阳","sex_code":"M","sex_name":"男","born_date":"2013-01-22 00:00:00","country_code":"CN","passenger_id_type_code":"1","passenger_id_type_name":"二代身份证","passenger_id_no":"341602199102153178","passenger_type":"1","passenger_flag":"0","passenger_type_name":"成人","mobile_no":"","phone_no":"","email":"","address":"","postalcode":"","first_letter":"LYY","recordCount":"8","total_times":"99","index_id":"4"},{"code":"5","passenger_name":"彭世昌","sex_code":"","born_date":"2013-03-21 07:43:49","country_code":"","passenger_id_type_code":"1","passenger_id_type_name":"二代身份证","passenger_id_no":"362204199107122456","passenger_type":"1","passenger_flag":"0","passenger_type_name":"成人","mobile_no":"15955136881","phone_no":"","email":"","address":"","postalcode":"","first_letter":"PSC","recordCount":"8","total_times":"99","index_id":"5"},{"code":"4","passenger_name":"张齐","sex_code":"","born_date":"2015-02-25 00:00:00","country_code":"CN","passenger_id_type_code":"1","passenger_id_type_name":"二代身份证","passenger_id_no":"412725199003068663","passenger_type":"1","passenger_flag":"0","passenger_type_name":"成人","mobile_no":"","phone_no":"","email":"","address":"","postalcode":"","first_letter":"ZQ","recordCount":"8","total_times":"99","index_id":"6"},{"code":"3","passenger_name":"张亚辉","sex_code":"","born_date":"2014-01-18 17:31:16","country_code":"","passenger_id_type_code":"1","passenger_id_type_name":"二代身份证","passenger_id_no":"412725198808247859","passenger_type":"1","passenger_flag":"0","passenger_type_name":"成人","mobile_no":"18656357528","phone_no":"","email":"","address":"","postalcode":"","first_letter":"ZYH","recordCount":"8","total_times":"99","index_id":"7"}],"dj_passengers":[]},"messages":[],"validateMessages":{}}
2016-12-16 22:28:50.202 [http-nio-8090-exec-6] INFO  com.springboot.train.controller.TrainController - urlStr----https://kyfw.12306.cn/otn/leftTicket/query?leftTicketDTO.train_date=2017-01-17&leftTicketDTO.from_station=SHH&leftTicketDTO.to_station=HFH&purpose_codes=ADULT
2016-12-16 22:28:50.339 [http-nio-8090-exec-6] INFO  com.springboot.train.controller.TrainController - result----{"status":false,"c_url":"leftTicket/queryA","c_name":"CLeftTicketUrl"}
2016-12-16 22:28:55.009 [http-nio-8090-exec-2] INFO  com.springboot.train.controller.TrainController - urlStr----https://kyfw.12306.cn/otn/leftTicket/query?leftTicketDTO.train_date=2017-02-13&leftTicketDTO.from_station=SHH&leftTicketDTO.to_station=HFH&purpose_codes=ADULT
2016-12-16 22:28:55.068 [http-nio-8090-exec-2] INFO  com.springboot.train.controller.TrainController - result----{"status":false,"c_url":"leftTicket/queryA","c_name":"CLeftTicketUrl"}
2016-12-16 22:28:59.191 [http-nio-8090-exec-7] INFO  com.springboot.train.controller.TrainController - urlStr----https://kyfw.12306.cn/otn/leftTicket/query?leftTicketDTO.train_date=2017-02-01&leftTicketDTO.from_station=SHH&leftTicketDTO.to_station=HFH&purpose_codes=ADULT
2016-12-16 22:28:59.249 [http-nio-8090-exec-7] INFO  com.springboot.train.controller.TrainController - result----{"status":false,"c_url":"leftTicket/queryA","c_name":"CLeftTicketUrl"}
2016-12-16 22:29:03.920 [http-nio-8090-exec-1] INFO  com.springboot.train.controller.TrainController - urlStr----https://kyfw.12306.cn/otn/leftTicket/query?leftTicketDTO.train_date=2017-01-04&leftTicketDTO.from_station=SHH&leftTicketDTO.to_station=HFH&purpose_codes=ADULT
2016-12-16 22:29:03.978 [http-nio-8090-exec-1] INFO  com.springboot.train.controller.TrainController - result----{"status":false,"c_url":"leftTicket/queryA","c_name":"CLeftTicketUrl"}
2016-12-16 22:29:09.143 [http-nio-8090-exec-2] INFO  com.springboot.train.controller.TrainController - urlStr----https://kyfw.12306.cn/otn/leftTicket/query?leftTicketDTO.train_date=2016-12-17&leftTicketDTO.from_station=SHH&leftTicketDTO.to_station=HFH&purpose_codes=ADULT
2016-12-16 22:29:09.258 [http-nio-8090-exec-2] INFO  com.springboot.train.controller.TrainController - result----{"status":false,"c_url":"leftTicket/queryA","c_name":"CLeftTicketUrl"}
2016-12-16 22:29:10.576 [http-nio-8090-exec-7] INFO  com.springboot.train.controller.TrainController - urlStr----https://kyfw.12306.cn/otn/leftTicket/query?leftTicketDTO.train_date=2016-12-17&leftTicketDTO.from_station=SHH&leftTicketDTO.to_station=HFH&purpose_codes=ADULT
2016-12-16 22:29:10.627 [http-nio-8090-exec-7] INFO  com.springboot.train.controller.TrainController - result----{"status":false,"c_url":"leftTicket/queryA","c_name":"CLeftTicketUrl"}
2016-12-16 22:29:11.726 [http-nio-8090-exec-1] INFO  com.springboot.train.controller.TrainController - urlStr----https://kyfw.12306.cn/otn/leftTicket/query?leftTicketDTO.train_date=2016-12-17&leftTicketDTO.from_station=SHH&leftTicketDTO.to_station=HFH&purpose_codes=ADULT
2016-12-16 22:29:11.745 [http-nio-8090-exec-1] INFO  com.springboot.train.controller.TrainController - result----{"status":false,"c_url":"leftTicket/queryA","c_name":"CLeftTicketUrl"}
2016-12-16 22:29:13.782 [http-nio-8090-exec-2] INFO  com.springboot.train.controller.TrainController - urlStr----https://kyfw.12306.cn/otn/leftTicket/query?leftTicketDTO.train_date=2016-12-17&leftTicketDTO.from_station=SHH&leftTicketDTO.to_station=HFH&purpose_codes=ADULT
2016-12-16 22:29:13.823 [http-nio-8090-exec-2] INFO  com.springboot.train.controller.TrainController - result----{"status":false,"c_url":"leftTicket/queryA","c_name":"CLeftTicketUrl"}
2016-12-16 22:32:12.947 [http-nio-8090-exec-8] INFO  com.springboot.train.controller.TrainController - urlStr----https://kyfw.12306.cn/otn/passcodeNew/getPassCodeNew?module=login&rand=sjrand&0.6661357369872818
2016-12-16 22:33:09.910 [http-nio-8090-exec-9] INFO  com.springboot.train.controller.TrainController - urlStr----https://kyfw.12306.cn/otn/leftTicket/query?leftTicketDTO.train_date=2016-12-16&leftTicketDTO.from_station=SHH&leftTicketDTO.to_station=HFH&purpose_codes=ADULT
2016-12-16 22:33:10.051 [http-nio-8090-exec-9] INFO  com.springboot.train.controller.TrainController - result----{"status":false,"c_url":"leftTicket/queryA","c_name":"CLeftTicketUrl"}
2016-12-16 22:33:32.527 [main] INFO  com.springboot.train.Application - Starting Application on DESKTOP-IHF2DH5 with PID 3008 (F:\git\train\target\classes started by willie in F:\git\train)
2016-12-16 22:33:32.531 [main] INFO  com.springboot.train.Application - No profiles are active
2016-12-16 22:33:32.635 [main] INFO  o.s.b.c.e.AnnotationConfigEmbeddedWebApplicationContext - Refreshing org.springframework.boot.context.embedded.AnnotationConfigEmbeddedWebApplicationContext@41e2a543: startup date [Fri Dec 16 22:33:32 CST 2016]; root of context hierarchy
2016-12-16 22:33:32.874 [pool-1-thread-1] INFO  org.hibernate.validator.internal.util.Version - HV000001: Hibernate Validator 5.2.2.Final
2016-12-16 22:33:35.226 [main] INFO  o.s.b.c.e.tomcat.TomcatEmbeddedServletContainer - Tomcat initialized with port(s): 8090 (http)
2016-12-16 22:33:35.238 [main] INFO  org.apache.catalina.core.StandardService - Starting service Tomcat
2016-12-16 22:33:35.239 [main] INFO  org.apache.catalina.core.StandardEngine - Starting Servlet Engine: Apache Tomcat/8.0.28
2016-12-16 22:33:35.359 [localhost-startStop-1] INFO  o.a.c.core.ContainerBase.[Tomcat].[localhost].[/] - Initializing Spring embedded WebApplicationContext
2016-12-16 22:33:35.360 [localhost-startStop-1] INFO  org.springframework.web.context.ContextLoader - Root WebApplicationContext: initialization completed in 2725 ms
2016-12-16 22:33:35.776 [localhost-startStop-1] WARN  com.netflix.config.sources.URLConfigurationSource - No URLs will be polled as dynamic configuration sources.
2016-12-16 22:33:35.776 [localhost-startStop-1] INFO  com.netflix.config.sources.URLConfigurationSource - To enable URLs as dynamic configuration sources, define System property archaius.configurationSource.additionalUrls or make config.properties available on classpath.
2016-12-16 22:33:35.785 [localhost-startStop-1] INFO  com.netflix.config.DynamicPropertyFactory - DynamicPropertyFactory is initialized with configuration sources: com.netflix.config.ConcurrentCompositeConfiguration@5c4c27e4
2016-12-16 22:33:35.908 [localhost-startStop-1] INFO  o.s.boot.context.embedded.ServletRegistrationBean - Mapping servlet: 'dispatcherServlet' to [/]
2016-12-16 22:33:35.910 [localhost-startStop-1] INFO  o.s.boot.context.embedded.ServletRegistrationBean - Mapping servlet: 'zuulServlet' to [/zuul/*]
2016-12-16 22:33:35.915 [localhost-startStop-1] INFO  o.s.boot.context.embedded.FilterRegistrationBean - Mapping filter: 'metricFilter' to: [/*]
2016-12-16 22:33:35.916 [localhost-startStop-1] INFO  o.s.boot.context.embedded.FilterRegistrationBean - Mapping filter: 'characterEncodingFilter' to: [/*]
2016-12-16 22:33:35.916 [localhost-startStop-1] INFO  o.s.boot.context.embedded.FilterRegistrationBean - Mapping filter: 'webRequestLoggingFilter' to: [/*]
2016-12-16 22:33:35.917 [localhost-startStop-1] INFO  o.s.boot.context.embedded.FilterRegistrationBean - Mapping filter: 'applicationContextIdFilter' to: [/*]
2016-12-16 22:33:35.943 [localhost-startStop-1] INFO  o.s.cloud.netflix.zuul.ZuulFilterInitializer - Starting filter initializer context listener
2016-12-16 22:33:36.104 [main] INFO  o.s.w.s.m.m.a.RequestMappingHandlerAdapter - Looking for @ControllerAdvice: org.springframework.boot.context.embedded.AnnotationConfigEmbeddedWebApplicationContext@41e2a543: startup date [Fri Dec 16 22:33:32 CST 2016]; root of context hierarchy
2016-12-16 22:33:36.164 [main] INFO  o.s.web.servlet.handler.SimpleUrlHandlerMapping - Root mapping to handler of type [class org.springframework.web.servlet.mvc.ParameterizableViewController]
2016-12-16 22:33:36.213 [main] INFO  o.s.w.s.m.m.a.RequestMappingHandlerMapping - Mapped "{[/index]}" onto public java.lang.String com.springboot.train.controller.TrainController.index(org.springframework.ui.Model)
2016-12-16 22:33:36.215 [main] INFO  o.s.w.s.m.m.a.RequestMappingHandlerMapping - Mapped "{[/index/login]}" onto public java.lang.String com.springboot.train.controller.TrainController.login(javax.servlet.http.HttpServletRequest) throws java.io.IOException
2016-12-16 22:33:36.215 [main] INFO  o.s.w.s.m.m.a.RequestMappingHandlerMapping - Mapped "{[/index/loginOut]}" onto public java.lang.String com.springboot.train.controller.TrainController.loginOut(javax.servlet.http.HttpServletRequest) throws java.io.IOException
2016-12-16 22:33:36.215 [main] INFO  o.s.w.s.m.m.a.RequestMappingHandlerMapping - Mapped "{[/index/img]}" onto public java.lang.String com.springboot.train.controller.TrainController.img(org.springframework.ui.Model,java.lang.String) throws java.io.IOException
2016-12-16 22:33:36.216 [main] INFO  o.s.w.s.m.m.a.RequestMappingHandlerMapping - Mapped "{[/index/query]}" onto public java.lang.String com.springboot.train.controller.TrainController.train(javax.servlet.http.HttpServletRequest,org.springframework.ui.Model,java.lang.String,java.lang.String,java.lang.String)
2016-12-16 22:33:36.216 [main] INFO  o.s.w.s.m.m.a.RequestMappingHandlerMapping - Mapped "{[/index/passengers]}" onto public java.lang.String com.springboot.train.controller.TrainController.passengers(javax.servlet.http.HttpServletRequest,org.springframework.ui.Model) throws java.io.IOException
2016-12-16 22:33:36.216 [main] INFO  o.s.w.s.m.m.a.RequestMappingHandlerMapping - Mapped "{[/index/checkUser]}" onto public java.lang.String com.springboot.train.controller.TrainController.checkUser(javax.servlet.http.HttpServletRequest) throws java.io.IOException
2016-12-16 22:33:36.216 [main] INFO  o.s.w.s.m.m.a.RequestMappingHandlerMapping - Mapped "{[/index/queryByTrainNo]}" onto public net.sf.json.JSONObject com.springboot.train.controller.TrainController.queryByTrainNo(javax.servlet.http.HttpServletRequest,java.lang.String,java.lang.String,java.lang.String,java.lang.String) throws java.io.IOException
2016-12-16 22:33:36.217 [main] INFO  o.s.w.s.m.m.a.RequestMappingHandlerMapping - Mapped "{[/index/checkRandCodeAnsyn]}" onto public net.sf.json.JSONObject com.springboot.train.controller.TrainController.checkRandCodeAnsyn(javax.servlet.http.HttpServletRequest,java.lang.String,java.lang.String) throws java.io.IOException
2016-12-16 22:33:36.217 [main] INFO  o.s.w.s.m.m.a.RequestMappingHandlerMapping - Mapped "{[/index/getPassCodeNew]}" onto public void com.springboot.train.controller.TrainController.getPassCodeNew(javax.servlet.http.HttpServletRequest,javax.servlet.http.HttpServletResponse,java.lang.String) throws java.io.IOException
2016-12-16 22:33:36.217 [main] INFO  o.s.w.s.m.m.a.RequestMappingHandlerMapping - Mapped "{[/index/loginAysnSuggest]}" onto public net.sf.json.JSONObject com.springboot.train.controller.TrainController.loginAysnSuggest(javax.servlet.http.HttpServletRequest,javax.servlet.http.HttpServletResponse,java.lang.String,java.lang.String,java.lang.String) throws java.io.IOException
2016-12-16 22:33:36.217 [main] INFO  o.s.w.s.m.m.a.RequestMappingHandlerMapping - Mapped "{[/index/queryMyOrderNoComplete]}" onto public java.lang.String com.springboot.train.controller.TrainController.queryMyOrderNoComplete(javax.servlet.http.HttpServletRequest) throws java.io.IOException
2016-12-16 22:33:36.218 [main] INFO  o.s.w.s.m.m.a.RequestMappingHandlerMapping - Mapped "{[/index/checkOrderInfo]}" onto public java.lang.String com.springboot.train.controller.TrainController.checkOrderInfo(javax.servlet.http.HttpServletRequest,java.lang.String,java.lang.String,java.lang.String,java.lang.String,java.lang.String,java.lang.String,java.lang.String,java.lang.String,java.lang.String,java.lang.String,java.lang.String,java.lang.String,java.lang.String) throws java.io.IOException
2016-12-16 22:33:36.218 [main] INFO  o.s.w.s.m.m.a.RequestMappingHandlerMapping - Mapped "{[/index/submitOrderRequest]}" onto public java.lang.String com.springboot.train.controller.TrainController.submitOrderRequest(javax.servlet.http.HttpServletRequest,java.lang.String,java.lang.String,java.lang.String,java.lang.String) throws java.io.IOException
2016-12-16 22:33:36.218 [main] INFO  o.s.w.s.m.m.a.RequestMappingHandlerMapping - Mapped "{[/index/queryOrderWaitTime]}" onto public java.lang.String com.springboot.train.controller.TrainController.queryOrderWaitTime(javax.servlet.http.HttpServletRequest,java.lang.String) throws java.io.IOException
2016-12-16 22:33:36.218 [main] INFO  o.s.w.s.m.m.a.RequestMappingHandlerMapping - Mapped "{[/index/cancelNoCompleteMyOrder]}" onto public java.lang.String com.springboot.train.controller.TrainController.cancelNoCompleteMyOrder(javax.servlet.http.HttpServletRequest) throws java.io.IOException
2016-12-16 22:33:36.221 [main] INFO  o.s.w.s.m.m.a.RequestMappingHandlerMapping - Mapped "{[/error]}" onto public org.springframework.http.ResponseEntity<java.util.Map<java.lang.String, java.lang.Object>> org.springframework.boot.autoconfigure.web.BasicErrorController.error(javax.servlet.http.HttpServletRequest)
2016-12-16 22:33:36.221 [main] INFO  o.s.w.s.m.m.a.RequestMappingHandlerMapping - Mapped "{[/error],produces=[text/html]}" onto public org.springframework.web.servlet.ModelAndView org.springframework.boot.autoconfigure.web.BasicErrorController.errorHtml(javax.servlet.http.HttpServletRequest)
2016-12-16 22:33:36.265 [main] INFO  o.s.web.servlet.handler.SimpleUrlHandlerMapping - Mapped URL path [/**] onto handler of type [class org.springframework.web.servlet.resource.ResourceHttpRequestHandler]
2016-12-16 22:33:36.266 [main] INFO  o.s.web.servlet.handler.SimpleUrlHandlerMapping - Mapped URL path [/static/**] onto handler of type [class org.springframework.web.servlet.resource.ResourceHttpRequestHandler]
2016-12-16 22:33:36.472 [main] INFO  o.a.c.core.ContainerBase.[Tomcat].[localhost].[/] - jolokia: No access restrictor found at classpath:/jolokia-access.xml, access to all MBeans is allowed
2016-12-16 22:33:37.254 [main] INFO  o.s.b.actuate.endpoint.mvc.EndpointHandlerMapping - Mapped "{[/metrics/{name:.*}],methods=[GET],produces=[application/json]}" onto public java.lang.Object org.springframework.boot.actuate.endpoint.mvc.MetricsMvcEndpoint.value(java.lang.String)
2016-12-16 22:33:37.255 [main] INFO  o.s.b.actuate.endpoint.mvc.EndpointHandlerMapping - Mapped "{[/metrics || /metrics.json],methods=[GET],produces=[application/json]}" onto public java.lang.Object org.springframework.boot.actuate.endpoint.mvc.EndpointMvcAdapter.invoke()
2016-12-16 22:33:37.255 [main] INFO  o.s.b.actuate.endpoint.mvc.EndpointHandlerMapping - Mapped "{[/configprops || /configprops.json],methods=[GET],produces=[application/json]}" onto public java.lang.Object org.springframework.boot.actuate.endpoint.mvc.EndpointMvcAdapter.invoke()
2016-12-16 22:33:37.256 [main] INFO  o.s.b.actuate.endpoint.mvc.EndpointHandlerMapping - Mapped "{[/health || /health.json],produces=[application/json]}" onto public java.lang.Object org.springframework.boot.actuate.endpoint.mvc.HealthMvcEndpoint.invoke(java.security.Principal)
2016-12-16 22:33:37.257 [main] INFO  o.s.b.actuate.endpoint.mvc.EndpointHandlerMapping - Mapped "{[/info || /info.json],methods=[GET],produces=[application/json]}" onto public java.lang.Object org.springframework.boot.actuate.endpoint.mvc.EndpointMvcAdapter.invoke()
2016-12-16 22:33:37.257 [main] INFO  o.s.b.actuate.endpoint.mvc.EndpointHandlerMapping - Mapped "{[/dump || /dump.json],methods=[GET],produces=[application/json]}" onto public java.lang.Object org.springframework.boot.actuate.endpoint.mvc.EndpointMvcAdapter.invoke()
2016-12-16 22:33:37.258 [main] INFO  o.s.b.actuate.endpoint.mvc.EndpointHandlerMapping - Mapped "{[/env/{name:.*}],methods=[GET],produces=[application/json]}" onto public java.lang.Object org.springframework.boot.actuate.endpoint.mvc.EnvironmentMvcEndpoint.value(java.lang.String)
2016-12-16 22:33:37.259 [main] INFO  o.s.b.actuate.endpoint.mvc.EndpointHandlerMapping - Mapped "{[/env || /env.json],methods=[GET],produces=[application/json]}" onto public java.lang.Object org.springframework.boot.actuate.endpoint.mvc.EndpointMvcAdapter.invoke()
2016-12-16 22:33:37.259 [main] INFO  o.s.b.actuate.endpoint.mvc.EndpointHandlerMapping - Mapped "{[/trace || /trace.json],methods=[GET],produces=[application/json]}" onto public java.lang.Object org.springframework.boot.actuate.endpoint.mvc.EndpointMvcAdapter.invoke()
2016-12-16 22:33:37.260 [main] INFO  o.s.b.actuate.endpoint.mvc.EndpointHandlerMapping - Mapped "{[/jolokia/**]}" onto public org.springframework.web.servlet.ModelAndView org.springframework.boot.actuate.endpoint.mvc.JolokiaMvcEndpoint.handle(javax.servlet.http.HttpServletRequest,javax.servlet.http.HttpServletResponse) throws java.lang.Exception
2016-12-16 22:33:37.260 [main] INFO  o.s.b.actuate.endpoint.mvc.EndpointHandlerMapping - Mapped "{[/autoconfig || /autoconfig.json],methods=[GET],produces=[application/json]}" onto public java.lang.Object org.springframework.boot.actuate.endpoint.mvc.EndpointMvcAdapter.invoke()
2016-12-16 22:33:37.261 [main] INFO  o.s.b.actuate.endpoint.mvc.EndpointHandlerMapping - Mapped "{[/beans || /beans.json],methods=[GET],produces=[application/json]}" onto public java.lang.Object org.springframework.boot.actuate.endpoint.mvc.EndpointMvcAdapter.invoke()
2016-12-16 22:33:37.262 [main] INFO  o.s.b.actuate.endpoint.mvc.EndpointHandlerMapping - Mapped "{[/archaius || /archaius.json],methods=[GET],produces=[application/json]}" onto public java.lang.Object org.springframework.boot.actuate.endpoint.mvc.EndpointMvcAdapter.invoke()
2016-12-16 22:33:37.262 [main] INFO  o.s.b.actuate.endpoint.mvc.EndpointHandlerMapping - Mapped "{[/mappings || /mappings.json],methods=[GET],produces=[application/json]}" onto public java.lang.Object org.springframework.boot.actuate.endpoint.mvc.EndpointMvcAdapter.invoke()
2016-12-16 22:33:37.473 [main] INFO  o.s.w.servlet.view.freemarker.FreeMarkerConfigurer - ClassTemplateLoader for Spring macros added to FreeMarker configuration
2016-12-16 22:33:37.540 [main] WARN  o.s.c.netflix.archaius.ArchaiusAutoConfiguration - No spring.application.name found, defaulting to 'application'
2016-12-16 22:33:37.541 [main] WARN  com.netflix.config.sources.URLConfigurationSource - No URLs will be polled as dynamic configuration sources.
2016-12-16 22:33:37.541 [main] INFO  com.netflix.config.sources.URLConfigurationSource - To enable URLs as dynamic configuration sources, define System property archaius.configurationSource.additionalUrls or make config.properties available on classpath.
2016-12-16 22:33:37.581 [main] INFO  de.codecentric.boot.admin.web.PrefixHandlerMapping - Mapped "{[/api/applications/{id}],methods=[GET]}" onto public org.springframework.http.ResponseEntity<?> de.codecentric.boot.admin.controller.RegistryController.get(java.lang.String)
2016-12-16 22:33:37.582 [main] INFO  de.codecentric.boot.admin.web.PrefixHandlerMapping - Mapped "{[/api/applications],methods=[POST]}" onto public org.springframework.http.ResponseEntity<de.codecentric.boot.admin.model.Application> de.codecentric.boot.admin.controller.RegistryController.register(de.codecentric.boot.admin.model.Application)
2016-12-16 22:33:37.582 [main] INFO  de.codecentric.boot.admin.web.PrefixHandlerMapping - Mapped "{[/api/applications/{id}],methods=[DELETE]}" onto public org.springframework.http.ResponseEntity<?> de.codecentric.boot.admin.controller.RegistryController.unregister(java.lang.String)
2016-12-16 22:33:37.583 [main] INFO  de.codecentric.boot.admin.web.PrefixHandlerMapping - Mapped "{[/api/applications],methods=[GET]}" onto public java.util.Collection<de.codecentric.boot.admin.model.Application> de.codecentric.boot.admin.controller.RegistryController.applications(java.lang.String)
2016-12-16 22:33:37.584 [main] INFO  de.codecentric.boot.admin.web.PrefixHandlerMapping - Mapped "{[/api/journal]}" onto public java.util.Collection<de.codecentric.boot.admin.event.ClientApplicationEvent> de.codecentric.boot.admin.controller.JournalController.getJournal()
2016-12-16 22:33:37.896 [main] INFO  o.s.jmx.export.annotation.AnnotationMBeanExporter - Registering beans for JMX exposure on startup
2016-12-16 22:33:37.900 [main] INFO  o.s.b.actuate.endpoint.jmx.EndpointMBeanExporter - Registering beans for JMX exposure on startup
2016-12-16 22:33:37.904 [main] INFO  o.s.context.support.DefaultLifecycleProcessor - Starting beans in phase 0
2016-12-16 22:33:37.906 [main] INFO  o.s.b.actuate.endpoint.jmx.EndpointMBeanExporter - Located managed bean 'requestMappingEndpoint': registering with JMX server as MBean [org.springframework.boot:type=Endpoint,name=requestMappingEndpoint]
2016-12-16 22:33:37.943 [main] INFO  o.s.b.actuate.endpoint.jmx.EndpointMBeanExporter - Located managed bean 'environmentEndpoint': registering with JMX server as MBean [org.springframework.boot:type=Endpoint,name=environmentEndpoint]
2016-12-16 22:33:37.952 [main] INFO  o.s.b.actuate.endpoint.jmx.EndpointMBeanExporter - Located managed bean 'healthEndpoint': registering with JMX server as MBean [org.springframework.boot:type=Endpoint,name=healthEndpoint]
2016-12-16 22:33:37.959 [main] INFO  o.s.b.actuate.endpoint.jmx.EndpointMBeanExporter - Located managed bean 'beansEndpoint': registering with JMX server as MBean [org.springframework.boot:type=Endpoint,name=beansEndpoint]
2016-12-16 22:33:37.966 [main] INFO  o.s.b.actuate.endpoint.jmx.EndpointMBeanExporter - Located managed bean 'infoEndpoint': registering with JMX server as MBean [org.springframework.boot:type=Endpoint,name=infoEndpoint]
2016-12-16 22:33:37.973 [main] INFO  o.s.b.actuate.endpoint.jmx.EndpointMBeanExporter - Located managed bean 'metricsEndpoint': registering with JMX server as MBean [org.springframework.boot:type=Endpoint,name=metricsEndpoint]
2016-12-16 22:33:37.980 [main] INFO  o.s.b.actuate.endpoint.jmx.EndpointMBeanExporter - Located managed bean 'traceEndpoint': registering with JMX server as MBean [org.springframework.boot:type=Endpoint,name=traceEndpoint]
2016-12-16 22:33:37.987 [main] INFO  o.s.b.actuate.endpoint.jmx.EndpointMBeanExporter - Located managed bean 'dumpEndpoint': registering with JMX server as MBean [org.springframework.boot:type=Endpoint,name=dumpEndpoint]
2016-12-16 22:33:38.006 [main] INFO  o.s.b.actuate.endpoint.jmx.EndpointMBeanExporter - Located managed bean 'autoConfigurationReportEndpoint': registering with JMX server as MBean [org.springframework.boot:type=Endpoint,name=autoConfigurationReportEndpoint]
2016-12-16 22:33:38.013 [main] INFO  o.s.b.actuate.endpoint.jmx.EndpointMBeanExporter - Located managed bean 'configurationPropertiesReportEndpoint': registering with JMX server as MBean [org.springframework.boot:type=Endpoint,name=configurationPropertiesReportEndpoint]
2016-12-16 22:33:38.020 [main] INFO  o.s.b.actuate.endpoint.jmx.EndpointMBeanExporter - Located managed bean 'archaiusEndpoint': registering with JMX server as MBean [org.springframework.boot:type=Endpoint,name=archaiusEndpoint]
2016-12-16 22:33:38.070 [main] INFO  org.apache.coyote.http11.Http11NioProtocol - Initializing ProtocolHandler ["http-nio-8090"]
2016-12-16 22:33:38.076 [main] INFO  org.apache.coyote.http11.Http11NioProtocol - Starting ProtocolHandler ["http-nio-8090"]
2016-12-16 22:33:38.085 [main] INFO  org.apache.tomcat.util.net.NioSelectorPool - Using a shared selector for servlet write/read
2016-12-16 22:33:38.107 [main] INFO  o.s.b.c.e.tomcat.TomcatEmbeddedServletContainer - Tomcat started on port(s): 8090 (http)
2016-12-16 22:33:38.112 [main] INFO  com.springboot.train.Application - Started Application in 6.002 seconds (JVM running for 7.906)
2016-12-16 22:35:28.843 [http-nio-8090-exec-1] INFO  o.a.c.core.ContainerBase.[Tomcat].[localhost].[/] - Initializing Spring FrameworkServlet 'dispatcherServlet'
2016-12-16 22:35:28.843 [http-nio-8090-exec-1] INFO  org.springframework.web.servlet.DispatcherServlet - FrameworkServlet 'dispatcherServlet': initialization started
2016-12-16 22:35:28.860 [http-nio-8090-exec-1] INFO  org.springframework.web.servlet.DispatcherServlet - FrameworkServlet 'dispatcherServlet': initialization completed in 17 ms
2016-12-16 22:35:47.194 [http-nio-8090-exec-5] INFO  com.springboot.train.controller.TrainController - urlStr----https://kyfw.12306.cn/otn/passcodeNew/getPassCodeNew?module=login&rand=sjrand&0.22691039133842694
2016-12-16 22:38:06.832 [http-nio-8090-exec-9] INFO  com.springboot.train.controller.TrainController - urlStr----https://kyfw.12306.cn/otn/passcodeNew/getPassCodeNew?module=login&rand=sjrand&0.4864880938270406
2016-12-16 22:38:14.332 [http-nio-8090-exec-4] INFO  com.springboot.train.controller.TrainController - urlStr----https://kyfw.12306.cn/otn/passcodeNew/checkRandCodeAnsyn?randCode=278,120,43,124&rand=sjrand
2016-12-16 22:38:14.880 [http-nio-8090-exec-4] INFO  com.springboot.train.controller.TrainController - result----{"validateMessagesShowId":"_validatorMessage","status":true,"httpstatus":200,"data":{"result":"1","msg":"TRUE"},"messages":[],"validateMessages":{}}
2016-12-16 22:40:48.895 [http-nio-8090-exec-6] INFO  com.springboot.train.controller.TrainController - urlStr----https://kyfw.12306.cn/otn/login/loginAysnSuggest?loginUserDTO.user_name=yumupinglan&userDTO.password=09yuwei@ahu&randCode=278,120,43,124&rand=sjrand
2016-12-16 22:40:49.239 [http-nio-8090-exec-6] INFO  com.springboot.train.controller.TrainController - result----{"validateMessagesShowId":"_validatorMessage","status":true,"httpstatus":200,"data":{"otherMsg":"","loginCheck":"Y"},"messages":[],"validateMessages":{}}
2016-12-16 22:58:25.542 [http-nio-8090-exec-2] INFO  com.springboot.train.controller.TrainController - urlStr----https://kyfw.12306.cn/otn/passcodeNew/getPassCodeNew?module=login&rand=sjrand&0.9951130085785833
2016-12-16 23:09:15.784 [http-nio-8090-exec-4] INFO  com.springboot.train.controller.TrainController - urlStr----https://kyfw.12306.cn/otn/passcodeNew/getPassCodeNew?module=login&rand=sjrand&0.10080854527838479
