2017-06-20 20:59:31.468 [main] INFO  com.springboot.train.Application - Starting Application on DESKTOP-IHF2DH5 with PID 79580 (F:\git\train\target\classes started by willie in F:\git\train)
2017-06-20 20:59:31.496 [main] INFO  com.springboot.train.Application - No profiles are active
2017-06-20 20:59:31.793 [main] INFO  o.s.b.c.e.AnnotationConfigEmbeddedWebApplicationContext - Refreshing org.springframework.boot.context.embedded.AnnotationConfigEmbeddedWebApplicationContext@5cc626b1: startup date [Tue Jun 20 20:59:31 CST 2017]; root of context hierarchy
2017-06-20 20:59:33.175 [pool-1-thread-1] INFO  org.hibernate.validator.internal.util.Version - HV000001: Hibernate Validator 5.2.2.Final
2017-06-20 20:59:36.515 [main] INFO  o.s.b.c.e.tomcat.TomcatEmbeddedServletContainer - Tomcat initialized with port(s): 8090 (http)
2017-06-20 20:59:36.601 [main] INFO  org.apache.catalina.core.StandardService - Starting service Tomcat
2017-06-20 20:59:36.604 [main] INFO  org.apache.catalina.core.StandardEngine - Starting Servlet Engine: Apache Tomcat/8.0.28
2017-06-20 20:59:36.846 [localhost-startStop-1] INFO  o.a.c.core.ContainerBase.[Tomcat].[localhost].[/] - Initializing Spring embedded WebApplicationContext
2017-06-20 20:59:36.846 [localhost-startStop-1] INFO  org.springframework.web.context.ContextLoader - Root WebApplicationContext: initialization completed in 5053 ms
2017-06-20 20:59:37.375 [localhost-startStop-1] WARN  com.netflix.config.sources.URLConfigurationSource - No URLs will be polled as dynamic configuration sources.
2017-06-20 20:59:37.375 [localhost-startStop-1] INFO  com.netflix.config.sources.URLConfigurationSource - To enable URLs as dynamic configuration sources, define System property archaius.configurationSource.additionalUrls or make config.properties available on classpath.
2017-06-20 20:59:37.382 [localhost-startStop-1] INFO  com.netflix.config.DynamicPropertyFactory - DynamicPropertyFactory is initialized with configuration sources: com.netflix.config.ConcurrentCompositeConfiguration@56848738
2017-06-20 20:59:38.154 [localhost-startStop-1] INFO  o.s.boot.context.embedded.ServletRegistrationBean - Mapping servlet: 'dispatcherServlet' to [/]
2017-06-20 20:59:38.156 [localhost-startStop-1] INFO  o.s.boot.context.embedded.ServletRegistrationBean - Mapping servlet: 'zuulServlet' to [/zuul/*]
2017-06-20 20:59:38.177 [localhost-startStop-1] INFO  o.s.boot.context.embedded.FilterRegistrationBean - Mapping filter: 'metricFilter' to: [/*]
2017-06-20 20:59:38.178 [localhost-startStop-1] INFO  o.s.boot.context.embedded.FilterRegistrationBean - Mapping filter: 'characterEncodingFilter' to: [/*]
2017-06-20 20:59:38.178 [localhost-startStop-1] INFO  o.s.boot.context.embedded.FilterRegistrationBean - Mapping filter: 'webRequestLoggingFilter' to: [/*]
2017-06-20 20:59:38.178 [localhost-startStop-1] INFO  o.s.boot.context.embedded.FilterRegistrationBean - Mapping filter: 'applicationContextIdFilter' to: [/*]
2017-06-20 20:59:38.214 [localhost-startStop-1] INFO  o.s.cloud.netflix.zuul.ZuulFilterInitializer - Starting filter initializer context listener
2017-06-20 20:59:38.637 [main] INFO  o.s.web.servlet.handler.SimpleUrlHandlerMapping - Mapped URL path [/**] onto handler of type [class org.springframework.web.servlet.resource.ResourceHttpRequestHandler]
2017-06-20 20:59:38.638 [main] INFO  o.s.web.servlet.handler.SimpleUrlHandlerMapping - Mapped URL path [/static/**] onto handler of type [class org.springframework.web.servlet.resource.ResourceHttpRequestHandler]
2017-06-20 20:59:38.706 [main] INFO  o.s.w.s.m.m.a.RequestMappingHandlerMapping - Mapped "{[/index]}" onto public java.lang.String com.springboot.train.controller.TrainController.index(org.springframework.ui.Model)
2017-06-20 20:59:38.707 [main] INFO  o.s.w.s.m.m.a.RequestMappingHandlerMapping - Mapped "{[/index/img]}" onto public java.lang.String com.springboot.train.controller.TrainController.img(org.springframework.ui.Model,java.lang.String) throws java.io.IOException
2017-06-20 20:59:38.708 [main] INFO  o.s.w.s.m.m.a.RequestMappingHandlerMapping - Mapped "{[/index/loginOut]}" onto public java.lang.String com.springboot.train.controller.TrainController.loginOut(javax.servlet.http.HttpServletRequest) throws java.io.IOException
2017-06-20 20:59:38.708 [main] INFO  o.s.w.s.m.m.a.RequestMappingHandlerMapping - Mapped "{[/index/checkUser]}" onto public java.lang.String com.springboot.train.controller.TrainController.checkUser(javax.servlet.http.HttpServletRequest) throws java.io.IOException
2017-06-20 20:59:38.708 [main] INFO  o.s.w.s.m.m.a.RequestMappingHandlerMapping - Mapped "{[/index/passengers]}" onto public java.lang.String com.springboot.train.controller.TrainController.passengers(javax.servlet.http.HttpServletRequest,org.springframework.ui.Model) throws java.io.IOException
2017-06-20 20:59:38.708 [main] INFO  o.s.w.s.m.m.a.RequestMappingHandlerMapping - Mapped "{[/index/query]}" onto public java.lang.String com.springboot.train.controller.TrainController.train(javax.servlet.http.HttpServletRequest,org.springframework.ui.Model,java.lang.String,java.lang.String,java.lang.String,java.lang.String,java.lang.String)
2017-06-20 20:59:38.708 [main] INFO  o.s.w.s.m.m.a.RequestMappingHandlerMapping - Mapped "{[/index/login]}" onto public java.lang.String com.springboot.train.controller.TrainController.login(javax.servlet.http.HttpServletRequest) throws java.io.IOException
2017-06-20 20:59:38.708 [main] INFO  o.s.w.s.m.m.a.RequestMappingHandlerMapping - Mapped "{[/index/checkOrderInfo]}" onto public java.lang.String com.springboot.train.controller.TrainController.checkOrderInfo(javax.servlet.http.HttpServletRequest,java.lang.String,java.lang.String,java.lang.String,java.lang.String,java.lang.String,java.lang.String,java.lang.String,java.lang.String,java.lang.String,java.lang.String,java.lang.String,java.lang.String,java.lang.String) throws java.io.IOException
2017-06-20 20:59:38.709 [main] INFO  o.s.w.s.m.m.a.RequestMappingHandlerMapping - Mapped "{[/index/loginAysnSuggest]}" onto public net.sf.json.JSONObject com.springboot.train.controller.TrainController.loginAysnSuggest(javax.servlet.http.HttpServletRequest,javax.servlet.http.HttpServletResponse,java.lang.String,java.lang.String,java.lang.String) throws java.io.IOException
2017-06-20 20:59:38.709 [main] INFO  o.s.w.s.m.m.a.RequestMappingHandlerMapping - Mapped "{[/index/queryByTrainNo]}" onto public net.sf.json.JSONObject com.springboot.train.controller.TrainController.queryByTrainNo(javax.servlet.http.HttpServletRequest,java.lang.String,java.lang.String,java.lang.String,java.lang.String) throws java.io.IOException
2017-06-20 20:59:38.709 [main] INFO  o.s.w.s.m.m.a.RequestMappingHandlerMapping - Mapped "{[/index/submitOrderRequest]}" onto public java.lang.String com.springboot.train.controller.TrainController.submitOrderRequest(javax.servlet.http.HttpServletRequest,java.lang.String,java.lang.String,java.lang.String,java.lang.String) throws java.io.IOException
2017-06-20 20:59:38.709 [main] INFO  o.s.w.s.m.m.a.RequestMappingHandlerMapping - Mapped "{[/index/queryMyOrderNoComplete]}" onto public java.lang.String com.springboot.train.controller.TrainController.queryMyOrderNoComplete(javax.servlet.http.HttpServletRequest) throws java.io.IOException
2017-06-20 20:59:38.709 [main] INFO  o.s.w.s.m.m.a.RequestMappingHandlerMapping - Mapped "{[/index/getAvailableTrainInfo]}" onto public net.sf.json.JSONObject com.springboot.train.controller.TrainController.getAvailableTrainInfo(javax.servlet.http.HttpServletRequest,java.lang.String)
2017-06-20 20:59:38.709 [main] INFO  o.s.w.s.m.m.a.RequestMappingHandlerMapping - Mapped "{[/index/getPassCodeNew]}" onto public void com.springboot.train.controller.TrainController.getPassCodeNew(javax.servlet.http.HttpServletRequest,javax.servlet.http.HttpServletResponse,java.lang.String) throws java.io.IOException
2017-06-20 20:59:38.710 [main] INFO  o.s.w.s.m.m.a.RequestMappingHandlerMapping - Mapped "{[/index/cancelNoCompleteMyOrder]}" onto public java.lang.String com.springboot.train.controller.TrainController.cancelNoCompleteMyOrder(javax.servlet.http.HttpServletRequest) throws java.io.IOException
2017-06-20 20:59:38.710 [main] INFO  o.s.w.s.m.m.a.RequestMappingHandlerMapping - Mapped "{[/index/checkRandCodeAnsyn]}" onto public net.sf.json.JSONObject com.springboot.train.controller.TrainController.checkRandCodeAnsyn(javax.servlet.http.HttpServletRequest,java.lang.String,java.lang.String) throws java.io.IOException
2017-06-20 20:59:38.710 [main] INFO  o.s.w.s.m.m.a.RequestMappingHandlerMapping - Mapped "{[/index/queryOrderWaitTime]}" onto public java.lang.String com.springboot.train.controller.TrainController.queryOrderWaitTime(javax.servlet.http.HttpServletRequest,java.lang.String) throws java.io.IOException
2017-06-20 20:59:38.712 [main] INFO  o.s.w.s.m.m.a.RequestMappingHandlerMapping - Mapped "{[/error]}" onto public org.springframework.http.ResponseEntity<java.util.Map<java.lang.String, java.lang.Object>> org.springframework.boot.autoconfigure.web.BasicErrorController.error(javax.servlet.http.HttpServletRequest)
2017-06-20 20:59:38.712 [main] INFO  o.s.w.s.m.m.a.RequestMappingHandlerMapping - Mapped "{[/error],produces=[text/html]}" onto public org.springframework.web.servlet.ModelAndView org.springframework.boot.autoconfigure.web.BasicErrorController.errorHtml(javax.servlet.http.HttpServletRequest)
2017-06-20 20:59:38.725 [main] INFO  o.s.web.servlet.handler.SimpleUrlHandlerMapping - Root mapping to handler of type [class org.springframework.web.servlet.mvc.ParameterizableViewController]
2017-06-20 20:59:38.790 [main] INFO  o.s.w.s.m.m.a.RequestMappingHandlerAdapter - Looking for @ControllerAdvice: org.springframework.boot.context.embedded.AnnotationConfigEmbeddedWebApplicationContext@5cc626b1: startup date [Tue Jun 20 20:59:31 CST 2017]; root of context hierarchy
2017-06-20 20:59:39.266 [main] INFO  o.a.c.core.ContainerBase.[Tomcat].[localhost].[/] - jolokia: No access restrictor found at classpath:/jolokia-access.xml, access to all MBeans is allowed
2017-06-20 20:59:40.196 [main] INFO  o.s.b.actuate.endpoint.mvc.EndpointHandlerMapping - Mapped "{[/env/{name:.*}],methods=[GET],produces=[application/json]}" onto public java.lang.Object org.springframework.boot.actuate.endpoint.mvc.EnvironmentMvcEndpoint.value(java.lang.String)
2017-06-20 20:59:40.197 [main] INFO  o.s.b.actuate.endpoint.mvc.EndpointHandlerMapping - Mapped "{[/env || /env.json],methods=[GET],produces=[application/json]}" onto public java.lang.Object org.springframework.boot.actuate.endpoint.mvc.EndpointMvcAdapter.invoke()
2017-06-20 20:59:40.198 [main] INFO  o.s.b.actuate.endpoint.mvc.EndpointHandlerMapping - Mapped "{[/archaius || /archaius.json],methods=[GET],produces=[application/json]}" onto public java.lang.Object org.springframework.boot.actuate.endpoint.mvc.EndpointMvcAdapter.invoke()
2017-06-20 20:59:40.199 [main] INFO  o.s.b.actuate.endpoint.mvc.EndpointHandlerMapping - Mapped "{[/metrics/{name:.*}],methods=[GET],produces=[application/json]}" onto public java.lang.Object org.springframework.boot.actuate.endpoint.mvc.MetricsMvcEndpoint.value(java.lang.String)
2017-06-20 20:59:40.199 [main] INFO  o.s.b.actuate.endpoint.mvc.EndpointHandlerMapping - Mapped "{[/metrics || /metrics.json],methods=[GET],produces=[application/json]}" onto public java.lang.Object org.springframework.boot.actuate.endpoint.mvc.EndpointMvcAdapter.invoke()
2017-06-20 20:59:40.200 [main] INFO  o.s.b.actuate.endpoint.mvc.EndpointHandlerMapping - Mapped "{[/dump || /dump.json],methods=[GET],produces=[application/json]}" onto public java.lang.Object org.springframework.boot.actuate.endpoint.mvc.EndpointMvcAdapter.invoke()
2017-06-20 20:59:40.201 [main] INFO  o.s.b.actuate.endpoint.mvc.EndpointHandlerMapping - Mapped "{[/configprops || /configprops.json],methods=[GET],produces=[application/json]}" onto public java.lang.Object org.springframework.boot.actuate.endpoint.mvc.EndpointMvcAdapter.invoke()
2017-06-20 20:59:40.202 [main] INFO  o.s.b.actuate.endpoint.mvc.EndpointHandlerMapping - Mapped "{[/jolokia/**]}" onto public org.springframework.web.servlet.ModelAndView org.springframework.boot.actuate.endpoint.mvc.JolokiaMvcEndpoint.handle(javax.servlet.http.HttpServletRequest,javax.servlet.http.HttpServletResponse) throws java.lang.Exception
2017-06-20 20:59:40.203 [main] INFO  o.s.b.actuate.endpoint.mvc.EndpointHandlerMapping - Mapped "{[/health || /health.json],produces=[application/json]}" onto public java.lang.Object org.springframework.boot.actuate.endpoint.mvc.HealthMvcEndpoint.invoke(java.security.Principal)
2017-06-20 20:59:40.204 [main] INFO  o.s.b.actuate.endpoint.mvc.EndpointHandlerMapping - Mapped "{[/trace || /trace.json],methods=[GET],produces=[application/json]}" onto public java.lang.Object org.springframework.boot.actuate.endpoint.mvc.EndpointMvcAdapter.invoke()
2017-06-20 20:59:40.204 [main] INFO  o.s.b.actuate.endpoint.mvc.EndpointHandlerMapping - Mapped "{[/autoconfig || /autoconfig.json],methods=[GET],produces=[application/json]}" onto public java.lang.Object org.springframework.boot.actuate.endpoint.mvc.EndpointMvcAdapter.invoke()
2017-06-20 20:59:40.205 [main] INFO  o.s.b.actuate.endpoint.mvc.EndpointHandlerMapping - Mapped "{[/info || /info.json],methods=[GET],produces=[application/json]}" onto public java.lang.Object org.springframework.boot.actuate.endpoint.mvc.EndpointMvcAdapter.invoke()
2017-06-20 20:59:40.206 [main] INFO  o.s.b.actuate.endpoint.mvc.EndpointHandlerMapping - Mapped "{[/mappings || /mappings.json],methods=[GET],produces=[application/json]}" onto public java.lang.Object org.springframework.boot.actuate.endpoint.mvc.EndpointMvcAdapter.invoke()
2017-06-20 20:59:40.206 [main] INFO  o.s.b.actuate.endpoint.mvc.EndpointHandlerMapping - Mapped "{[/beans || /beans.json],methods=[GET],produces=[application/json]}" onto public java.lang.Object org.springframework.boot.actuate.endpoint.mvc.EndpointMvcAdapter.invoke()
2017-06-20 20:59:40.607 [main] INFO  o.s.w.servlet.view.freemarker.FreeMarkerConfigurer - ClassTemplateLoader for Spring macros added to FreeMarker configuration
2017-06-20 20:59:40.665 [main] WARN  o.s.c.netflix.archaius.ArchaiusAutoConfiguration - No spring.application.name found, defaulting to 'application'
2017-06-20 20:59:40.666 [main] WARN  com.netflix.config.sources.URLConfigurationSource - No URLs will be polled as dynamic configuration sources.
2017-06-20 20:59:40.666 [main] INFO  com.netflix.config.sources.URLConfigurationSource - To enable URLs as dynamic configuration sources, define System property archaius.configurationSource.additionalUrls or make config.properties available on classpath.
2017-06-20 20:59:40.761 [main] INFO  de.codecentric.boot.admin.web.PrefixHandlerMapping - Mapped "{[/api/applications/{id}],methods=[GET]}" onto public org.springframework.http.ResponseEntity<?> de.codecentric.boot.admin.controller.RegistryController.get(java.lang.String)
2017-06-20 20:59:40.761 [main] INFO  de.codecentric.boot.admin.web.PrefixHandlerMapping - Mapped "{[/api/applications],methods=[POST]}" onto public org.springframework.http.ResponseEntity<de.codecentric.boot.admin.model.Application> de.codecentric.boot.admin.controller.RegistryController.register(de.codecentric.boot.admin.model.Application)
2017-06-20 20:59:40.762 [main] INFO  de.codecentric.boot.admin.web.PrefixHandlerMapping - Mapped "{[/api/applications/{id}],methods=[DELETE]}" onto public org.springframework.http.ResponseEntity<?> de.codecentric.boot.admin.controller.RegistryController.unregister(java.lang.String)
2017-06-20 20:59:40.762 [main] INFO  de.codecentric.boot.admin.web.PrefixHandlerMapping - Mapped "{[/api/applications],methods=[GET]}" onto public java.util.Collection<de.codecentric.boot.admin.model.Application> de.codecentric.boot.admin.controller.RegistryController.applications(java.lang.String)
2017-06-20 20:59:40.762 [main] INFO  de.codecentric.boot.admin.web.PrefixHandlerMapping - Mapped "{[/api/journal]}" onto public java.util.Collection<de.codecentric.boot.admin.event.ClientApplicationEvent> de.codecentric.boot.admin.controller.JournalController.getJournal()
2017-06-20 20:59:40.964 [main] INFO  o.s.jmx.export.annotation.AnnotationMBeanExporter - Registering beans for JMX exposure on startup
2017-06-20 20:59:40.968 [main] INFO  o.s.b.actuate.endpoint.jmx.EndpointMBeanExporter - Registering beans for JMX exposure on startup
2017-06-20 20:59:40.972 [main] INFO  o.s.context.support.DefaultLifecycleProcessor - Starting beans in phase 0
2017-06-20 20:59:40.975 [main] INFO  o.s.b.actuate.endpoint.jmx.EndpointMBeanExporter - Located managed bean 'requestMappingEndpoint': registering with JMX server as MBean [org.springframework.boot:type=Endpoint,name=requestMappingEndpoint]
2017-06-20 20:59:41.029 [main] INFO  o.s.b.actuate.endpoint.jmx.EndpointMBeanExporter - Located managed bean 'environmentEndpoint': registering with JMX server as MBean [org.springframework.boot:type=Endpoint,name=environmentEndpoint]
2017-06-20 20:59:41.036 [main] INFO  o.s.b.actuate.endpoint.jmx.EndpointMBeanExporter - Located managed bean 'healthEndpoint': registering with JMX server as MBean [org.springframework.boot:type=Endpoint,name=healthEndpoint]
2017-06-20 20:59:41.042 [main] INFO  o.s.b.actuate.endpoint.jmx.EndpointMBeanExporter - Located managed bean 'beansEndpoint': registering with JMX server as MBean [org.springframework.boot:type=Endpoint,name=beansEndpoint]
2017-06-20 20:59:41.048 [main] INFO  o.s.b.actuate.endpoint.jmx.EndpointMBeanExporter - Located managed bean 'infoEndpoint': registering with JMX server as MBean [org.springframework.boot:type=Endpoint,name=infoEndpoint]
2017-06-20 20:59:41.053 [main] INFO  o.s.b.actuate.endpoint.jmx.EndpointMBeanExporter - Located managed bean 'metricsEndpoint': registering with JMX server as MBean [org.springframework.boot:type=Endpoint,name=metricsEndpoint]
2017-06-20 20:59:41.059 [main] INFO  o.s.b.actuate.endpoint.jmx.EndpointMBeanExporter - Located managed bean 'traceEndpoint': registering with JMX server as MBean [org.springframework.boot:type=Endpoint,name=traceEndpoint]
2017-06-20 20:59:41.064 [main] INFO  o.s.b.actuate.endpoint.jmx.EndpointMBeanExporter - Located managed bean 'dumpEndpoint': registering with JMX server as MBean [org.springframework.boot:type=Endpoint,name=dumpEndpoint]
2017-06-20 20:59:41.087 [main] INFO  o.s.b.actuate.endpoint.jmx.EndpointMBeanExporter - Located managed bean 'autoConfigurationReportEndpoint': registering with JMX server as MBean [org.springframework.boot:type=Endpoint,name=autoConfigurationReportEndpoint]
2017-06-20 20:59:41.096 [main] INFO  o.s.b.actuate.endpoint.jmx.EndpointMBeanExporter - Located managed bean 'configurationPropertiesReportEndpoint': registering with JMX server as MBean [org.springframework.boot:type=Endpoint,name=configurationPropertiesReportEndpoint]
2017-06-20 20:59:41.104 [main] INFO  o.s.b.actuate.endpoint.jmx.EndpointMBeanExporter - Located managed bean 'archaiusEndpoint': registering with JMX server as MBean [org.springframework.boot:type=Endpoint,name=archaiusEndpoint]
2017-06-20 20:59:41.227 [main] INFO  org.apache.coyote.http11.Http11NioProtocol - Initializing ProtocolHandler ["http-nio-8090"]
2017-06-20 20:59:41.248 [main] INFO  org.apache.coyote.http11.Http11NioProtocol - Starting ProtocolHandler ["http-nio-8090"]
2017-06-20 20:59:41.300 [main] INFO  org.apache.tomcat.util.net.NioSelectorPool - Using a shared selector for servlet write/read
2017-06-20 20:59:41.338 [main] INFO  o.s.b.c.e.tomcat.TomcatEmbeddedServletContainer - Tomcat started on port(s): 8090 (http)
2017-06-20 20:59:41.345 [main] INFO  com.springboot.train.Application - Started Application in 11.944 seconds (JVM running for 15.631)
2017-06-20 20:59:41.754 [http-nio-8090-exec-1] INFO  o.a.c.core.ContainerBase.[Tomcat].[localhost].[/] - Initializing Spring FrameworkServlet 'dispatcherServlet'
2017-06-20 20:59:41.755 [http-nio-8090-exec-1] INFO  org.springframework.web.servlet.DispatcherServlet - FrameworkServlet 'dispatcherServlet': initialization started
2017-06-20 20:59:41.798 [http-nio-8090-exec-1] INFO  org.springframework.web.servlet.DispatcherServlet - FrameworkServlet 'dispatcherServlet': initialization completed in 43 ms
2017-06-20 20:59:41.893 [http-nio-8090-exec-1] WARN  org.springframework.web.servlet.PageNotFound - Request method 'POST' not supported
2017-06-20 20:59:42.800 [SimpleAsyncTaskExecutor-1] WARN  d.c.boot.admin.services.ApplicationRegistrator - Failed to register application as Application [id=null, name=spring-boot-application, managementUrl=http://DESKTOP-IHF2DH5:8090, healthUrl=http://DESKTOP-IHF2DH5:8090/health, serviceUrl=http://DESKTOP-IHF2DH5:8090] at spring-boot-admin (http://localhost:8090/admin/api/applications): 405 Method Not Allowed
2017-06-20 20:59:49.084 [http-nio-8090-exec-3] WARN  org.springframework.web.servlet.PageNotFound - Request method 'POST' not supported
2017-06-20 20:59:49.416 [pool-2-thread-1] WARN  d.c.boot.admin.services.ApplicationRegistrator - Failed to register application as Application [id=null, name=spring-boot-application, managementUrl=http://DESKTOP-IHF2DH5:8090, healthUrl=http://DESKTOP-IHF2DH5:8090/health, serviceUrl=http://DESKTOP-IHF2DH5:8090] at spring-boot-admin (http://localhost:8090/admin/api/applications): 405 Method Not Allowed
2017-06-20 20:59:59.083 [http-nio-8090-exec-5] WARN  org.springframework.web.servlet.PageNotFound - Request method 'POST' not supported
2017-06-20 20:59:59.423 [pool-2-thread-1] WARN  d.c.boot.admin.services.ApplicationRegistrator - Failed to register application as Application [id=null, name=spring-boot-application, managementUrl=http://DESKTOP-IHF2DH5:8090, healthUrl=http://DESKTOP-IHF2DH5:8090/health, serviceUrl=http://DESKTOP-IHF2DH5:8090] at spring-boot-admin (http://localhost:8090/admin/api/applications): 405 Method Not Allowed
2017-06-20 21:00:09.082 [http-nio-8090-exec-5] WARN  org.springframework.web.servlet.PageNotFound - Request method 'POST' not supported
2017-06-20 21:00:10.551 [pool-2-thread-1] WARN  d.c.boot.admin.services.ApplicationRegistrator - Failed to register application as Application [id=null, name=spring-boot-application, managementUrl=http://DESKTOP-IHF2DH5:8090, healthUrl=http://DESKTOP-IHF2DH5:8090/health, serviceUrl=http://DESKTOP-IHF2DH5:8090] at spring-boot-admin (http://localhost:8090/admin/api/applications): 405 Method Not Allowed
2017-06-20 21:00:19.068 [http-nio-8090-exec-7] WARN  org.springframework.web.servlet.PageNotFound - Request method 'POST' not supported
2017-06-20 21:00:19.415 [pool-2-thread-1] WARN  d.c.boot.admin.services.ApplicationRegistrator - Failed to register application as Application [id=null, name=spring-boot-application, managementUrl=http://DESKTOP-IHF2DH5:8090, healthUrl=http://DESKTOP-IHF2DH5:8090/health, serviceUrl=http://DESKTOP-IHF2DH5:8090] at spring-boot-admin (http://localhost:8090/admin/api/applications): 405 Method Not Allowed
2017-06-20 21:00:19.637 [http-nio-8090-exec-9] INFO  com.springboot.train.controller.TrainController - urlStr----https://kyfw.12306.cn/otn/passcodeNew/getPassCodeNew?module=login&rand=sjrand&0.6050301806273729
2017-06-20 21:00:29.076 [http-nio-8090-exec-4] WARN  org.springframework.web.servlet.PageNotFound - Request method 'POST' not supported
2017-06-20 21:00:30.065 [pool-2-thread-1] WARN  d.c.boot.admin.services.ApplicationRegistrator - Failed to register application as Application [id=null, name=spring-boot-application, managementUrl=http://DESKTOP-IHF2DH5:8090, healthUrl=http://DESKTOP-IHF2DH5:8090/health, serviceUrl=http://DESKTOP-IHF2DH5:8090] at spring-boot-admin (http://localhost:8090/admin/api/applications): 405 Method Not Allowed
2017-06-20 21:00:39.076 [http-nio-8090-exec-5] WARN  org.springframework.web.servlet.PageNotFound - Request method 'POST' not supported
2017-06-20 21:00:39.587 [pool-2-thread-1] WARN  d.c.boot.admin.services.ApplicationRegistrator - Failed to register application as Application [id=null, name=spring-boot-application, managementUrl=http://DESKTOP-IHF2DH5:8090, healthUrl=http://DESKTOP-IHF2DH5:8090/health, serviceUrl=http://DESKTOP-IHF2DH5:8090] at spring-boot-admin (http://localhost:8090/admin/api/applications): 405 Method Not Allowed
2017-06-20 21:00:49.077 [http-nio-8090-exec-7] WARN  org.springframework.web.servlet.PageNotFound - Request method 'POST' not supported
2017-06-20 21:00:49.401 [pool-2-thread-1] WARN  d.c.boot.admin.services.ApplicationRegistrator - Failed to register application as Application [id=null, name=spring-boot-application, managementUrl=http://DESKTOP-IHF2DH5:8090, healthUrl=http://DESKTOP-IHF2DH5:8090/health, serviceUrl=http://DESKTOP-IHF2DH5:8090] at spring-boot-admin (http://localhost:8090/admin/api/applications): 405 Method Not Allowed
2017-06-20 22:14:05.821 [main] INFO  com.springboot.train.Application - Starting Application on DESKTOP-IHF2DH5 with PID 7488 (F:\git\train\target\classes started by willie in F:\git\train)
2017-06-20 22:14:05.823 [main] INFO  com.springboot.train.Application - No profiles are active
2017-06-20 22:14:05.936 [main] INFO  o.s.b.c.e.AnnotationConfigEmbeddedWebApplicationContext - Refreshing org.springframework.boot.context.embedded.AnnotationConfigEmbeddedWebApplicationContext@3eed6de6: startup date [Tue Jun 20 22:14:05 CST 2017]; root of context hierarchy
2017-06-20 22:14:06.112 [pool-1-thread-1] INFO  org.hibernate.validator.internal.util.Version - HV000001: Hibernate Validator 5.2.2.Final
2017-06-20 22:14:08.506 [main] INFO  o.s.b.c.e.tomcat.TomcatEmbeddedServletContainer - Tomcat initialized with port(s): 8090 (http)
2017-06-20 22:14:08.517 [main] INFO  org.apache.catalina.core.StandardService - Starting service Tomcat
2017-06-20 22:14:08.518 [main] INFO  org.apache.catalina.core.StandardEngine - Starting Servlet Engine: Apache Tomcat/8.0.28
2017-06-20 22:14:08.631 [localhost-startStop-1] INFO  o.a.c.core.ContainerBase.[Tomcat].[localhost].[/] - Initializing Spring embedded WebApplicationContext
2017-06-20 22:14:08.632 [localhost-startStop-1] INFO  org.springframework.web.context.ContextLoader - Root WebApplicationContext: initialization completed in 2696 ms
2017-06-20 22:14:09.043 [localhost-startStop-1] WARN  com.netflix.config.sources.URLConfigurationSource - No URLs will be polled as dynamic configuration sources.
2017-06-20 22:14:09.043 [localhost-startStop-1] INFO  com.netflix.config.sources.URLConfigurationSource - To enable URLs as dynamic configuration sources, define System property archaius.configurationSource.additionalUrls or make config.properties available on classpath.
2017-06-20 22:14:09.052 [localhost-startStop-1] INFO  com.netflix.config.DynamicPropertyFactory - DynamicPropertyFactory is initialized with configuration sources: com.netflix.config.ConcurrentCompositeConfiguration@17c23d6f
2017-06-20 22:14:09.163 [localhost-startStop-1] INFO  o.s.boot.context.embedded.ServletRegistrationBean - Mapping servlet: 'dispatcherServlet' to [/]
2017-06-20 22:14:09.165 [localhost-startStop-1] INFO  o.s.boot.context.embedded.ServletRegistrationBean - Mapping servlet: 'zuulServlet' to [/zuul/*]
2017-06-20 22:14:09.169 [localhost-startStop-1] INFO  o.s.boot.context.embedded.FilterRegistrationBean - Mapping filter: 'metricFilter' to: [/*]
2017-06-20 22:14:09.170 [localhost-startStop-1] INFO  o.s.boot.context.embedded.FilterRegistrationBean - Mapping filter: 'characterEncodingFilter' to: [/*]
2017-06-20 22:14:09.170 [localhost-startStop-1] INFO  o.s.boot.context.embedded.FilterRegistrationBean - Mapping filter: 'webRequestLoggingFilter' to: [/*]
2017-06-20 22:14:09.171 [localhost-startStop-1] INFO  o.s.boot.context.embedded.FilterRegistrationBean - Mapping filter: 'applicationContextIdFilter' to: [/*]
2017-06-20 22:14:09.191 [localhost-startStop-1] INFO  o.s.cloud.netflix.zuul.ZuulFilterInitializer - Starting filter initializer context listener
2017-06-20 22:14:09.291 [main] INFO  o.s.web.servlet.handler.SimpleUrlHandlerMapping - Mapped URL path [/**] onto handler of type [class org.springframework.web.servlet.resource.ResourceHttpRequestHandler]
2017-06-20 22:14:09.291 [main] INFO  o.s.web.servlet.handler.SimpleUrlHandlerMapping - Mapped URL path [/static/**] onto handler of type [class org.springframework.web.servlet.resource.ResourceHttpRequestHandler]
2017-06-20 22:14:09.389 [main] INFO  o.s.w.s.m.m.a.RequestMappingHandlerAdapter - Looking for @ControllerAdvice: org.springframework.boot.context.embedded.AnnotationConfigEmbeddedWebApplicationContext@3eed6de6: startup date [Tue Jun 20 22:14:05 CST 2017]; root of context hierarchy
2017-06-20 22:14:09.455 [main] INFO  o.s.web.servlet.handler.SimpleUrlHandlerMapping - Root mapping to handler of type [class org.springframework.web.servlet.mvc.ParameterizableViewController]
2017-06-20 22:14:09.507 [main] INFO  o.s.w.s.m.m.a.RequestMappingHandlerMapping - Mapped "{[/index]}" onto public java.lang.String com.springboot.train.controller.TrainController.index(org.springframework.ui.Model)
2017-06-20 22:14:09.509 [main] INFO  o.s.w.s.m.m.a.RequestMappingHandlerMapping - Mapped "{[/index/checkOrderInfo]}" onto public java.lang.String com.springboot.train.controller.TrainController.checkOrderInfo(javax.servlet.http.HttpServletRequest,java.lang.String,java.lang.String,java.lang.String,java.lang.String,java.lang.String,java.lang.String,java.lang.String,java.lang.String,java.lang.String,java.lang.String,java.lang.String,java.lang.String,java.lang.String) throws java.io.IOException
2017-06-20 22:14:09.509 [main] INFO  o.s.w.s.m.m.a.RequestMappingHandlerMapping - Mapped "{[/index/submitOrderRequest]}" onto public java.lang.String com.springboot.train.controller.TrainController.submitOrderRequest(javax.servlet.http.HttpServletRequest,java.lang.String,java.lang.String,java.lang.String,java.lang.String) throws java.io.IOException
2017-06-20 22:14:09.509 [main] INFO  o.s.w.s.m.m.a.RequestMappingHandlerMapping - Mapped "{[/index/queryByTrainNo]}" onto public net.sf.json.JSONObject com.springboot.train.controller.TrainController.queryByTrainNo(javax.servlet.http.HttpServletRequest,java.lang.String,java.lang.String,java.lang.String,java.lang.String) throws java.io.IOException
2017-06-20 22:14:09.510 [main] INFO  o.s.w.s.m.m.a.RequestMappingHandlerMapping - Mapped "{[/index/loginAysnSuggest]}" onto public net.sf.json.JSONObject com.springboot.train.controller.TrainController.loginAysnSuggest(javax.servlet.http.HttpServletRequest,javax.servlet.http.HttpServletResponse,java.lang.String,java.lang.String,java.lang.String) throws java.io.IOException
2017-06-20 22:14:09.510 [main] INFO  o.s.w.s.m.m.a.RequestMappingHandlerMapping - Mapped "{[/index/queryOrderWaitTime]}" onto public java.lang.String com.springboot.train.controller.TrainController.queryOrderWaitTime(javax.servlet.http.HttpServletRequest,java.lang.String) throws java.io.IOException
2017-06-20 22:14:09.510 [main] INFO  o.s.w.s.m.m.a.RequestMappingHandlerMapping - Mapped "{[/index/queryMyOrderNoComplete]}" onto public java.lang.String com.springboot.train.controller.TrainController.queryMyOrderNoComplete(javax.servlet.http.HttpServletRequest) throws java.io.IOException
2017-06-20 22:14:09.510 [main] INFO  o.s.w.s.m.m.a.RequestMappingHandlerMapping - Mapped "{[/index/checkRandCodeAnsyn]}" onto public net.sf.json.JSONObject com.springboot.train.controller.TrainController.checkRandCodeAnsyn(javax.servlet.http.HttpServletRequest,java.lang.String,java.lang.String) throws java.io.IOException
2017-06-20 22:14:09.511 [main] INFO  o.s.w.s.m.m.a.RequestMappingHandlerMapping - Mapped "{[/index/cancelNoCompleteMyOrder]}" onto public java.lang.String com.springboot.train.controller.TrainController.cancelNoCompleteMyOrder(javax.servlet.http.HttpServletRequest) throws java.io.IOException
2017-06-20 22:14:09.511 [main] INFO  o.s.w.s.m.m.a.RequestMappingHandlerMapping - Mapped "{[/index/getPassCodeNew]}" onto public void com.springboot.train.controller.TrainController.getPassCodeNew(javax.servlet.http.HttpServletRequest,javax.servlet.http.HttpServletResponse,java.lang.String) throws java.io.IOException
2017-06-20 22:14:09.511 [main] INFO  o.s.w.s.m.m.a.RequestMappingHandlerMapping - Mapped "{[/index/getAvailableTrainInfo]}" onto public net.sf.json.JSONObject com.springboot.train.controller.TrainController.getAvailableTrainInfo(javax.servlet.http.HttpServletRequest,java.lang.String)
2017-06-20 22:14:09.511 [main] INFO  o.s.w.s.m.m.a.RequestMappingHandlerMapping - Mapped "{[/index/login]}" onto public java.lang.String com.springboot.train.controller.TrainController.login(javax.servlet.http.HttpServletRequest) throws java.io.IOException
2017-06-20 22:14:09.512 [main] INFO  o.s.w.s.m.m.a.RequestMappingHandlerMapping - Mapped "{[/index/loginOut]}" onto public java.lang.String com.springboot.train.controller.TrainController.loginOut(javax.servlet.http.HttpServletRequest) throws java.io.IOException
2017-06-20 22:14:09.512 [main] INFO  o.s.w.s.m.m.a.RequestMappingHandlerMapping - Mapped "{[/index/img]}" onto public java.lang.String com.springboot.train.controller.TrainController.img(org.springframework.ui.Model,java.lang.String) throws java.io.IOException
2017-06-20 22:14:09.512 [main] INFO  o.s.w.s.m.m.a.RequestMappingHandlerMapping - Mapped "{[/index/passengers]}" onto public java.lang.String com.springboot.train.controller.TrainController.passengers(javax.servlet.http.HttpServletRequest,org.springframework.ui.Model) throws java.io.IOException
2017-06-20 22:14:09.513 [main] INFO  o.s.w.s.m.m.a.RequestMappingHandlerMapping - Mapped "{[/index/checkUser]}" onto public java.lang.String com.springboot.train.controller.TrainController.checkUser(javax.servlet.http.HttpServletRequest) throws java.io.IOException
2017-06-20 22:14:09.513 [main] INFO  o.s.w.s.m.m.a.RequestMappingHandlerMapping - Mapped "{[/index/query]}" onto public java.lang.String com.springboot.train.controller.TrainController.train(javax.servlet.http.HttpServletRequest,org.springframework.ui.Model,java.lang.String,java.lang.String,java.lang.String,java.lang.String,java.lang.String)
2017-06-20 22:14:09.517 [main] INFO  o.s.w.s.m.m.a.RequestMappingHandlerMapping - Mapped "{[/error]}" onto public org.springframework.http.ResponseEntity<java.util.Map<java.lang.String, java.lang.Object>> org.springframework.boot.autoconfigure.web.BasicErrorController.error(javax.servlet.http.HttpServletRequest)
2017-06-20 22:14:09.517 [main] INFO  o.s.w.s.m.m.a.RequestMappingHandlerMapping - Mapped "{[/error],produces=[text/html]}" onto public org.springframework.web.servlet.ModelAndView org.springframework.boot.autoconfigure.web.BasicErrorController.errorHtml(javax.servlet.http.HttpServletRequest)
2017-06-20 22:14:09.824 [main] INFO  o.a.c.core.ContainerBase.[Tomcat].[localhost].[/] - jolokia: No access restrictor found at classpath:/jolokia-access.xml, access to all MBeans is allowed
2017-06-20 22:14:10.420 [main] INFO  o.s.b.actuate.endpoint.mvc.EndpointHandlerMapping - Mapped "{[/health || /health.json],produces=[application/json]}" onto public java.lang.Object org.springframework.boot.actuate.endpoint.mvc.HealthMvcEndpoint.invoke(java.security.Principal)
2017-06-20 22:14:10.421 [main] INFO  o.s.b.actuate.endpoint.mvc.EndpointHandlerMapping - Mapped "{[/archaius || /archaius.json],methods=[GET],produces=[application/json]}" onto public java.lang.Object org.springframework.boot.actuate.endpoint.mvc.EndpointMvcAdapter.invoke()
2017-06-20 22:14:10.422 [main] INFO  o.s.b.actuate.endpoint.mvc.EndpointHandlerMapping - Mapped "{[/metrics/{name:.*}],methods=[GET],produces=[application/json]}" onto public java.lang.Object org.springframework.boot.actuate.endpoint.mvc.MetricsMvcEndpoint.value(java.lang.String)
2017-06-20 22:14:10.422 [main] INFO  o.s.b.actuate.endpoint.mvc.EndpointHandlerMapping - Mapped "{[/metrics || /metrics.json],methods=[GET],produces=[application/json]}" onto public java.lang.Object org.springframework.boot.actuate.endpoint.mvc.EndpointMvcAdapter.invoke()
2017-06-20 22:14:10.423 [main] INFO  o.s.b.actuate.endpoint.mvc.EndpointHandlerMapping - Mapped "{[/configprops || /configprops.json],methods=[GET],produces=[application/json]}" onto public java.lang.Object org.springframework.boot.actuate.endpoint.mvc.EndpointMvcAdapter.invoke()
2017-06-20 22:14:10.423 [main] INFO  o.s.b.actuate.endpoint.mvc.EndpointHandlerMapping - Mapped "{[/info || /info.json],methods=[GET],produces=[application/json]}" onto public java.lang.Object org.springframework.boot.actuate.endpoint.mvc.EndpointMvcAdapter.invoke()
2017-06-20 22:14:10.424 [main] INFO  o.s.b.actuate.endpoint.mvc.EndpointHandlerMapping - Mapped "{[/env/{name:.*}],methods=[GET],produces=[application/json]}" onto public java.lang.Object org.springframework.boot.actuate.endpoint.mvc.EnvironmentMvcEndpoint.value(java.lang.String)
2017-06-20 22:14:10.424 [main] INFO  o.s.b.actuate.endpoint.mvc.EndpointHandlerMapping - Mapped "{[/env || /env.json],methods=[GET],produces=[application/json]}" onto public java.lang.Object org.springframework.boot.actuate.endpoint.mvc.EndpointMvcAdapter.invoke()
2017-06-20 22:14:10.425 [main] INFO  o.s.b.actuate.endpoint.mvc.EndpointHandlerMapping - Mapped "{[/trace || /trace.json],methods=[GET],produces=[application/json]}" onto public java.lang.Object org.springframework.boot.actuate.endpoint.mvc.EndpointMvcAdapter.invoke()
2017-06-20 22:14:10.425 [main] INFO  o.s.b.actuate.endpoint.mvc.EndpointHandlerMapping - Mapped "{[/autoconfig || /autoconfig.json],methods=[GET],produces=[application/json]}" onto public java.lang.Object org.springframework.boot.actuate.endpoint.mvc.EndpointMvcAdapter.invoke()
2017-06-20 22:14:10.427 [main] INFO  o.s.b.actuate.endpoint.mvc.EndpointHandlerMapping - Mapped "{[/dump || /dump.json],methods=[GET],produces=[application/json]}" onto public java.lang.Object org.springframework.boot.actuate.endpoint.mvc.EndpointMvcAdapter.invoke()
2017-06-20 22:14:10.427 [main] INFO  o.s.b.actuate.endpoint.mvc.EndpointHandlerMapping - Mapped "{[/beans || /beans.json],methods=[GET],produces=[application/json]}" onto public java.lang.Object org.springframework.boot.actuate.endpoint.mvc.EndpointMvcAdapter.invoke()
2017-06-20 22:14:10.428 [main] INFO  o.s.b.actuate.endpoint.mvc.EndpointHandlerMapping - Mapped "{[/jolokia/**]}" onto public org.springframework.web.servlet.ModelAndView org.springframework.boot.actuate.endpoint.mvc.JolokiaMvcEndpoint.handle(javax.servlet.http.HttpServletRequest,javax.servlet.http.HttpServletResponse) throws java.lang.Exception
2017-06-20 22:14:10.429 [main] INFO  o.s.b.actuate.endpoint.mvc.EndpointHandlerMapping - Mapped "{[/mappings || /mappings.json],methods=[GET],produces=[application/json]}" onto public java.lang.Object org.springframework.boot.actuate.endpoint.mvc.EndpointMvcAdapter.invoke()
2017-06-20 22:14:10.610 [main] INFO  o.s.w.servlet.view.freemarker.FreeMarkerConfigurer - ClassTemplateLoader for Spring macros added to FreeMarker configuration
2017-06-20 22:14:10.679 [main] WARN  o.s.c.netflix.archaius.ArchaiusAutoConfiguration - No spring.application.name found, defaulting to 'application'
2017-06-20 22:14:10.680 [main] WARN  com.netflix.config.sources.URLConfigurationSource - No URLs will be polled as dynamic configuration sources.
2017-06-20 22:14:10.680 [main] INFO  com.netflix.config.sources.URLConfigurationSource - To enable URLs as dynamic configuration sources, define System property archaius.configurationSource.additionalUrls or make config.properties available on classpath.
2017-06-20 22:14:10.722 [main] INFO  de.codecentric.boot.admin.web.PrefixHandlerMapping - Mapped "{[/api/applications/{id}],methods=[GET]}" onto public org.springframework.http.ResponseEntity<?> de.codecentric.boot.admin.controller.RegistryController.get(java.lang.String)
2017-06-20 22:14:10.722 [main] INFO  de.codecentric.boot.admin.web.PrefixHandlerMapping - Mapped "{[/api/applications],methods=[POST]}" onto public org.springframework.http.ResponseEntity<de.codecentric.boot.admin.model.Application> de.codecentric.boot.admin.controller.RegistryController.register(de.codecentric.boot.admin.model.Application)
2017-06-20 22:14:10.722 [main] INFO  de.codecentric.boot.admin.web.PrefixHandlerMapping - Mapped "{[/api/applications/{id}],methods=[DELETE]}" onto public org.springframework.http.ResponseEntity<?> de.codecentric.boot.admin.controller.RegistryController.unregister(java.lang.String)
2017-06-20 22:14:10.722 [main] INFO  de.codecentric.boot.admin.web.PrefixHandlerMapping - Mapped "{[/api/applications],methods=[GET]}" onto public java.util.Collection<de.codecentric.boot.admin.model.Application> de.codecentric.boot.admin.controller.RegistryController.applications(java.lang.String)
2017-06-20 22:14:10.723 [main] INFO  de.codecentric.boot.admin.web.PrefixHandlerMapping - Mapped "{[/api/journal]}" onto public java.util.Collection<de.codecentric.boot.admin.event.ClientApplicationEvent> de.codecentric.boot.admin.controller.JournalController.getJournal()
2017-06-20 22:14:10.967 [main] INFO  o.s.jmx.export.annotation.AnnotationMBeanExporter - Registering beans for JMX exposure on startup
2017-06-20 22:14:10.972 [main] INFO  o.s.b.actuate.endpoint.jmx.EndpointMBeanExporter - Registering beans for JMX exposure on startup
2017-06-20 22:14:10.977 [main] INFO  o.s.context.support.DefaultLifecycleProcessor - Starting beans in phase 0
2017-06-20 22:14:10.980 [main] INFO  o.s.b.actuate.endpoint.jmx.EndpointMBeanExporter - Located managed bean 'requestMappingEndpoint': registering with JMX server as MBean [org.springframework.boot:type=Endpoint,name=requestMappingEndpoint]
2017-06-20 22:14:11.017 [main] INFO  o.s.b.actuate.endpoint.jmx.EndpointMBeanExporter - Located managed bean 'environmentEndpoint': registering with JMX server as MBean [org.springframework.boot:type=Endpoint,name=environmentEndpoint]
2017-06-20 22:14:11.025 [main] INFO  o.s.b.actuate.endpoint.jmx.EndpointMBeanExporter - Located managed bean 'healthEndpoint': registering with JMX server as MBean [org.springframework.boot:type=Endpoint,name=healthEndpoint]
2017-06-20 22:14:11.030 [main] INFO  o.s.b.actuate.endpoint.jmx.EndpointMBeanExporter - Located managed bean 'beansEndpoint': registering with JMX server as MBean [org.springframework.boot:type=Endpoint,name=beansEndpoint]
2017-06-20 22:14:11.035 [main] INFO  o.s.b.actuate.endpoint.jmx.EndpointMBeanExporter - Located managed bean 'infoEndpoint': registering with JMX server as MBean [org.springframework.boot:type=Endpoint,name=infoEndpoint]
2017-06-20 22:14:11.041 [main] INFO  o.s.b.actuate.endpoint.jmx.EndpointMBeanExporter - Located managed bean 'metricsEndpoint': registering with JMX server as MBean [org.springframework.boot:type=Endpoint,name=metricsEndpoint]
2017-06-20 22:14:11.046 [main] INFO  o.s.b.actuate.endpoint.jmx.EndpointMBeanExporter - Located managed bean 'traceEndpoint': registering with JMX server as MBean [org.springframework.boot:type=Endpoint,name=traceEndpoint]
2017-06-20 22:14:11.052 [main] INFO  o.s.b.actuate.endpoint.jmx.EndpointMBeanExporter - Located managed bean 'dumpEndpoint': registering with JMX server as MBean [org.springframework.boot:type=Endpoint,name=dumpEndpoint]
2017-06-20 22:14:11.062 [main] INFO  o.s.b.actuate.endpoint.jmx.EndpointMBeanExporter - Located managed bean 'autoConfigurationReportEndpoint': registering with JMX server as MBean [org.springframework.boot:type=Endpoint,name=autoConfigurationReportEndpoint]
2017-06-20 22:14:11.073 [main] INFO  o.s.b.actuate.endpoint.jmx.EndpointMBeanExporter - Located managed bean 'configurationPropertiesReportEndpoint': registering with JMX server as MBean [org.springframework.boot:type=Endpoint,name=configurationPropertiesReportEndpoint]
2017-06-20 22:14:11.079 [main] INFO  o.s.b.actuate.endpoint.jmx.EndpointMBeanExporter - Located managed bean 'archaiusEndpoint': registering with JMX server as MBean [org.springframework.boot:type=Endpoint,name=archaiusEndpoint]
2017-06-20 22:14:11.212 [main] INFO  org.apache.coyote.http11.Http11NioProtocol - Initializing ProtocolHandler ["http-nio-8090"]
2017-06-20 22:14:11.219 [main] INFO  org.apache.coyote.http11.Http11NioProtocol - Starting ProtocolHandler ["http-nio-8090"]
2017-06-20 22:14:11.231 [main] INFO  org.apache.tomcat.util.net.NioSelectorPool - Using a shared selector for servlet write/read
2017-06-20 22:14:11.256 [main] INFO  o.s.b.c.e.tomcat.TomcatEmbeddedServletContainer - Tomcat started on port(s): 8090 (http)
2017-06-20 22:14:11.272 [main] INFO  com.springboot.train.Application - Started Application in 5.85 seconds (JVM running for 6.591)
2017-06-20 22:14:11.469 [http-nio-8090-exec-1] INFO  o.a.c.core.ContainerBase.[Tomcat].[localhost].[/] - Initializing Spring FrameworkServlet 'dispatcherServlet'
2017-06-20 22:14:11.469 [http-nio-8090-exec-1] INFO  org.springframework.web.servlet.DispatcherServlet - FrameworkServlet 'dispatcherServlet': initialization started
2017-06-20 22:14:11.493 [http-nio-8090-exec-1] INFO  org.springframework.web.servlet.DispatcherServlet - FrameworkServlet 'dispatcherServlet': initialization completed in 23 ms
2017-06-20 22:14:11.531 [http-nio-8090-exec-1] WARN  org.springframework.web.servlet.PageNotFound - Request method 'POST' not supported
2017-06-20 22:14:12.074 [SimpleAsyncTaskExecutor-1] WARN  d.c.boot.admin.services.ApplicationRegistrator - Failed to register application as Application [id=null, name=spring-boot-application, managementUrl=http://DESKTOP-IHF2DH5:8090, healthUrl=http://DESKTOP-IHF2DH5:8090/health, serviceUrl=http://DESKTOP-IHF2DH5:8090] at spring-boot-admin (http://localhost:8090/admin/api/applications): 405 Method Not Allowed
2017-06-20 22:14:19.727 [http-nio-8090-exec-3] WARN  org.springframework.web.servlet.PageNotFound - Request method 'POST' not supported
2017-06-20 22:14:19.951 [pool-2-thread-1] WARN  d.c.boot.admin.services.ApplicationRegistrator - Failed to register application as Application [id=null, name=spring-boot-application, managementUrl=http://DESKTOP-IHF2DH5:8090, healthUrl=http://DESKTOP-IHF2DH5:8090/health, serviceUrl=http://DESKTOP-IHF2DH5:8090] at spring-boot-admin (http://localhost:8090/admin/api/applications): 405 Method Not Allowed
2017-06-20 22:14:29.664 [http-nio-8090-exec-6] WARN  org.springframework.web.servlet.PageNotFound - Request method 'POST' not supported
2017-06-20 22:14:30.079 [pool-2-thread-1] WARN  d.c.boot.admin.services.ApplicationRegistrator - Failed to register application as Application [id=null, name=spring-boot-application, managementUrl=http://DESKTOP-IHF2DH5:8090, healthUrl=http://DESKTOP-IHF2DH5:8090/health, serviceUrl=http://DESKTOP-IHF2DH5:8090] at spring-boot-admin (http://localhost:8090/admin/api/applications): 405 Method Not Allowed
2017-06-20 22:14:30.896 [http-nio-8090-exec-3] INFO  com.springboot.train.controller.TrainController - urlStr----https://kyfw.12306.cn/otn/passcodeNew/getPassCodeNew?module=login&rand=sjrand&0.6821979726763453
2017-06-20 22:14:39.676 [http-nio-8090-exec-10] WARN  org.springframework.web.servlet.PageNotFound - Request method 'POST' not supported
2017-06-20 22:14:40.140 [pool-2-thread-1] WARN  d.c.boot.admin.services.ApplicationRegistrator - Failed to register application as Application [id=null, name=spring-boot-application, managementUrl=http://DESKTOP-IHF2DH5:8090, healthUrl=http://DESKTOP-IHF2DH5:8090/health, serviceUrl=http://DESKTOP-IHF2DH5:8090] at spring-boot-admin (http://localhost:8090/admin/api/applications): 405 Method Not Allowed
2017-06-20 22:14:49.676 [http-nio-8090-exec-2] WARN  org.springframework.web.servlet.PageNotFound - Request method 'POST' not supported
2017-06-20 22:14:50.032 [pool-2-thread-1] WARN  d.c.boot.admin.services.ApplicationRegistrator - Failed to register application as Application [id=null, name=spring-boot-application, managementUrl=http://DESKTOP-IHF2DH5:8090, healthUrl=http://DESKTOP-IHF2DH5:8090/health, serviceUrl=http://DESKTOP-IHF2DH5:8090] at spring-boot-admin (http://localhost:8090/admin/api/applications): 405 Method Not Allowed
2017-06-20 22:14:59.674 [http-nio-8090-exec-3] WARN  org.springframework.web.servlet.PageNotFound - Request method 'POST' not supported
2017-06-20 22:15:04.267 [pool-2-thread-1] WARN  d.c.boot.admin.services.ApplicationRegistrator - Failed to register application as Application [id=null, name=spring-boot-application, managementUrl=http://DESKTOP-IHF2DH5:8090, healthUrl=http://DESKTOP-IHF2DH5:8090/health, serviceUrl=http://DESKTOP-IHF2DH5:8090] at spring-boot-admin (http://localhost:8090/admin/api/applications): 405 Method Not Allowed
2017-06-20 22:15:07.062 [http-nio-8090-exec-6] INFO  com.springboot.train.controller.TrainController - urlStr----https://kyfw.12306.cn/otn/passcodeNew/checkRandCodeAnsyn?randCode=48,121&rand=sjrand
2017-06-20 22:15:07.378 [http-nio-8090-exec-6] INFO  com.springboot.train.controller.TrainController - result----{"validateMessagesShowId":"_validatorMessage","status":true,"httpstatus":200,"data":{"result":"0","msg":"FALSE"},"messages":[],"validateMessages":{}}
2017-06-20 22:15:07.559 [http-nio-8090-exec-4] INFO  com.springboot.train.controller.TrainController - urlStr----https://kyfw.12306.cn/otn/passcodeNew/getPassCodeNew?module=login&rand=sjrand&0.1473660352128524
2017-06-20 22:15:09.667 [http-nio-8090-exec-9] WARN  org.springframework.web.servlet.PageNotFound - Request method 'POST' not supported
2017-06-20 22:15:09.898 [pool-2-thread-1] WARN  d.c.boot.admin.services.ApplicationRegistrator - Failed to register application as Application [id=null, name=spring-boot-application, managementUrl=http://DESKTOP-IHF2DH5:8090, healthUrl=http://DESKTOP-IHF2DH5:8090/health, serviceUrl=http://DESKTOP-IHF2DH5:8090] at spring-boot-admin (http://localhost:8090/admin/api/applications): 405 Method Not Allowed
2017-06-20 22:15:19.684 [http-nio-8090-exec-1] WARN  org.springframework.web.servlet.PageNotFound - Request method 'POST' not supported
2017-06-20 22:15:19.971 [pool-2-thread-1] WARN  d.c.boot.admin.services.ApplicationRegistrator - Failed to register application as Application [id=null, name=spring-boot-application, managementUrl=http://DESKTOP-IHF2DH5:8090, healthUrl=http://DESKTOP-IHF2DH5:8090/health, serviceUrl=http://DESKTOP-IHF2DH5:8090] at spring-boot-admin (http://localhost:8090/admin/api/applications): 405 Method Not Allowed
2017-06-20 22:15:29.675 [http-nio-8090-exec-8] WARN  org.springframework.web.servlet.PageNotFound - Request method 'POST' not supported
2017-06-20 22:15:29.976 [pool-2-thread-1] WARN  d.c.boot.admin.services.ApplicationRegistrator - Failed to register application as Application [id=null, name=spring-boot-application, managementUrl=http://DESKTOP-IHF2DH5:8090, healthUrl=http://DESKTOP-IHF2DH5:8090/health, serviceUrl=http://DESKTOP-IHF2DH5:8090] at spring-boot-admin (http://localhost:8090/admin/api/applications): 405 Method Not Allowed
2017-06-20 22:15:39.674 [http-nio-8090-exec-6] WARN  org.springframework.web.servlet.PageNotFound - Request method 'POST' not supported
2017-06-20 22:15:40.160 [pool-2-thread-1] WARN  d.c.boot.admin.services.ApplicationRegistrator - Failed to register application as Application [id=null, name=spring-boot-application, managementUrl=http://DESKTOP-IHF2DH5:8090, healthUrl=http://DESKTOP-IHF2DH5:8090/health, serviceUrl=http://DESKTOP-IHF2DH5:8090] at spring-boot-admin (http://localhost:8090/admin/api/applications): 405 Method Not Allowed
2017-06-20 22:15:49.674 [http-nio-8090-exec-4] WARN  org.springframework.web.servlet.PageNotFound - Request method 'POST' not supported
2017-06-20 22:15:49.986 [pool-2-thread-1] WARN  d.c.boot.admin.services.ApplicationRegistrator - Failed to register application as Application [id=null, name=spring-boot-application, managementUrl=http://DESKTOP-IHF2DH5:8090, healthUrl=http://DESKTOP-IHF2DH5:8090/health, serviceUrl=http://DESKTOP-IHF2DH5:8090] at spring-boot-admin (http://localhost:8090/admin/api/applications): 405 Method Not Allowed
2017-06-20 22:15:59.681 [http-nio-8090-exec-9] WARN  org.springframework.web.servlet.PageNotFound - Request method 'POST' not supported
2017-06-20 22:16:00.085 [pool-2-thread-1] WARN  d.c.boot.admin.services.ApplicationRegistrator - Failed to register application as Application [id=null, name=spring-boot-application, managementUrl=http://DESKTOP-IHF2DH5:8090, healthUrl=http://DESKTOP-IHF2DH5:8090/health, serviceUrl=http://DESKTOP-IHF2DH5:8090] at spring-boot-admin (http://localhost:8090/admin/api/applications): 405 Method Not Allowed
2017-06-20 22:16:09.692 [http-nio-8090-exec-1] WARN  org.springframework.web.servlet.PageNotFound - Request method 'POST' not supported
2017-06-20 22:16:10.134 [pool-2-thread-1] WARN  d.c.boot.admin.services.ApplicationRegistrator - Failed to register application as Application [id=null, name=spring-boot-application, managementUrl=http://DESKTOP-IHF2DH5:8090, healthUrl=http://DESKTOP-IHF2DH5:8090/health, serviceUrl=http://DESKTOP-IHF2DH5:8090] at spring-boot-admin (http://localhost:8090/admin/api/applications): 405 Method Not Allowed
2017-06-20 22:16:40.269 [main] INFO  com.springboot.train.Application - Starting Application on DESKTOP-IHF2DH5 with PID 1368 (F:\git\train\target\classes started by willie in F:\git\train)
2017-06-20 22:16:40.272 [main] INFO  com.springboot.train.Application - No profiles are active
2017-06-20 22:16:40.350 [main] INFO  o.s.b.c.e.AnnotationConfigEmbeddedWebApplicationContext - Refreshing org.springframework.boot.context.embedded.AnnotationConfigEmbeddedWebApplicationContext@38dc77f3: startup date [Tue Jun 20 22:16:40 CST 2017]; root of context hierarchy
2017-06-20 22:16:40.549 [pool-1-thread-1] INFO  org.hibernate.validator.internal.util.Version - HV000001: Hibernate Validator 5.2.2.Final
